#
# There is insufficient memory for the Java Runtime Environment to continue.
# Native memory allocation (mmap) failed to map 65536 bytes for Failed to commit metaspace.
# Possible reasons:
#   The system is out of physical RAM or swap space
#   The process is running with CompressedOops enabled, and the Java Heap may be blocking the growth of the native heap
# Possible solutions:
#   Reduce memory load on the system
#   Increase physical memory or swap space
#   Check if swap backing store is full
#   Decrease Java heap size (-Xmx/-Xms)
#   Decrease number of Java threads
#   Decrease Java thread stack sizes (-Xss)
#   Set larger code cache with -XX:ReservedCodeCacheSize=
#   JVM is running with Unscaled Compressed Oops mode in which the Java heap is
#     placed in the first 4GB address space. The Java Heap base address is the
#     maximum limit for the native heap growth. Please use -XX:HeapBaseMinAddress
#     to set the Java Heap base and to place the Java Heap above 4GB virtual address.
# This output file may be truncated or incomplete.
#
#  Out of Memory Error (virtualSpaceNode.cpp:110), pid=13676, tid=21260
#
# JRE version: Java(TM) SE Runtime Environment (17.0.10+11) (build 17.0.10+11-LTS-240)
# Java VM: Java HotSpot(TM) 64-Bit Server VM (17.0.10+11-LTS-240, mixed mode, sharing, tiered, compressed oops, compressed class ptrs, g1 gc, windows-amd64)
# No core dump will be written. Minidumps are not enabled by default on client versions of Windows
#

---------------  S U M M A R Y ------------

Command Line: -Dfile.encoding=UTF-8 --module-path=E:\java_projects\bank management system\build\classes bank.management.system.Login

Host: 11th Gen Intel(R) Core(TM) i3-1115G4 @ 3.00GHz, 4 cores, 7G,  Windows 10 , 64 bit Build 19041 (10.0.19041.3636)
Time: Thu Jul 18 14:40:45 2024 India Standard Time elapsed time: 0.346034 seconds (0d 0h 0m 0s)

---------------  T H R E A D  ---------------

Current thread (0x000002d277e40bf0):  JavaThread "AWT-EventQueue-0" [_thread_in_vm, id=21260, stack(0x000000d562600000,0x000000d562700000)]

Stack: [0x000000d562600000,0x000000d562700000]
Native frames: (J=compiled Java code, j=interpreted, Vv=VM code, C=native code)
V  [jvm.dll+0x677a5a]
V  [jvm.dll+0x7d8b2d]
V  [jvm.dll+0x7da48e]
V  [jvm.dll+0x7daaf3]
V  [jvm.dll+0x2455ff]
V  [jvm.dll+0x7d483b]
V  [jvm.dll+0x61dc06]
V  [jvm.dll+0x61dc6a]
V  [jvm.dll+0x62049d]
V  [jvm.dll+0x61e5c6]
V  [jvm.dll+0x23b031]
V  [jvm.dll+0x1e9d67]
V  [jvm.dll+0x1dfa01]
V  [jvm.dll+0x53d58c]
V  [jvm.dll+0x1f031a]
V  [jvm.dll+0x75284d]
V  [jvm.dll+0x753c46]
V  [jvm.dll+0x753f78]
V  [jvm.dll+0x23d99b]
V  [jvm.dll+0x23dbef]
V  [jvm.dll+0x55b998]
V  [jvm.dll+0x55e867]
V  [jvm.dll+0x3815ee]
V  [jvm.dll+0x380c5f]
C  0x000002d26886a602

Java frames: (J=compiled Java code, j=interpreted, Vv=VM code)
j  javax.swing.plaf.metal.MetalBorders$ButtonBorder.paintOceanBorder(Ljava/awt/Component;Ljava/awt/Graphics;IIII)V+24 java.desktop@17.0.10
j  javax.swing.plaf.metal.MetalBorders$ButtonBorder.paintBorder(Ljava/awt/Component;Ljava/awt/Graphics;IIII)V+24 java.desktop@17.0.10
j  javax.swing.border.CompoundBorder.paintBorder(Ljava/awt/Component;Ljava/awt/Graphics;IIII)V+36 java.desktop@17.0.10
j  javax.swing.JComponent.paintBorder(Ljava/awt/Graphics;)V+22 java.desktop@17.0.10
j  javax.swing.AbstractButton.paintBorder(Ljava/awt/Graphics;)V+9 java.desktop@17.0.10
j  javax.swing.JComponent.paint(Ljava/awt/Graphics;)V+292 java.desktop@17.0.10
j  javax.swing.JComponent.paintChildren(Ljava/awt/Graphics;)V+523 java.desktop@17.0.10
j  javax.swing.JComponent.paint(Ljava/awt/Graphics;)V+318 java.desktop@17.0.10
j  javax.swing.JComponent.paintChildren(Ljava/awt/Graphics;)V+523 java.desktop@17.0.10
j  javax.swing.JComponent.paint(Ljava/awt/Graphics;)V+318 java.desktop@17.0.10
j  javax.swing.JLayeredPane.paint(Ljava/awt/Graphics;)V+73 java.desktop@17.0.10
j  javax.swing.JComponent.paintChildren(Ljava/awt/Graphics;)V+523 java.desktop@17.0.10
j  javax.swing.JComponent.paintToOffscreen(Ljava/awt/Graphics;IIIIII)V+72 java.desktop@17.0.10
j  javax.swing.RepaintManager$PaintManager.paintDoubleBufferedFPScales(Ljavax/swing/JComponent;Ljava/awt/Image;Ljava/awt/Graphics;IIII)V+320 java.desktop@17.0.10
j  javax.swing.RepaintManager$PaintManager.paintDoubleBuffered(Ljavax/swing/JComponent;Ljava/awt/Image;Ljava/awt/Graphics;IIII)V+28 java.desktop@17.0.10
j  javax.swing.RepaintManager$PaintManager.paint(Ljavax/swing/JComponent;Ljavax/swing/JComponent;Ljava/awt/Graphics;IIII)Z+128 java.desktop@17.0.10
j  javax.swing.RepaintManager.paint(Ljavax/swing/JComponent;Ljavax/swing/JComponent;Ljava/awt/Graphics;IIII)V+52 java.desktop@17.0.10
j  javax.swing.JComponent.paint(Ljava/awt/Graphics;)V+221 java.desktop@17.0.10
j  java.awt.GraphicsCallback$PaintCallback.run(Ljava/awt/Component;Ljava/awt/Graphics;)V+2 java.desktop@17.0.10
j  sun.awt.SunGraphicsCallback.runOneComponent(Ljava/awt/Component;Ljava/awt/Rectangle;Ljava/awt/Graphics;Ljava/awt/Shape;I)V+130 java.desktop@17.0.10
j  sun.awt.SunGraphicsCallback.runComponents([Ljava/awt/Component;Ljava/awt/Graphics;I)V+157 java.desktop@17.0.10
j  java.awt.Container.paint(Ljava/awt/Graphics;)V+58 java.desktop@17.0.10
j  java.awt.Window.paint(Ljava/awt/Graphics;)V+68 java.desktop@17.0.10
j  javax.swing.RepaintManager$4.run()Ljava/lang/Void;+142 java.desktop@17.0.10
j  javax.swing.RepaintManager$4.run()Ljava/lang/Object;+1 java.desktop@17.0.10
J 660 c1 java.security.AccessController.doPrivileged(Ljava/security/PrivilegedAction;Ljava/security/AccessControlContext;)Ljava/lang/Object; java.base@17.0.10 (17 bytes) @ 0x000002d261422cdc [0x000002d261422b00+0x00000000000001dc]
j  java.security.ProtectionDomain$JavaSecurityAccessImpl.doIntersectionPrivilege(Ljava/security/PrivilegedAction;Ljava/security/AccessControlContext;Ljava/security/AccessControlContext;)Ljava/lang/Object;+18 java.base@17.0.10
j  javax.swing.RepaintManager.paintDirtyRegions(Ljava/util/Map;)V+154 java.desktop@17.0.10
j  javax.swing.RepaintManager.paintDirtyRegions()V+46 java.desktop@17.0.10
j  javax.swing.RepaintManager.prePaintDirtyRegions()V+73 java.desktop@17.0.10
j  javax.swing.RepaintManager$ProcessingRunnable.run()V+37 java.desktop@17.0.10
j  java.awt.event.InvocationEvent.dispatch()V+47 java.desktop@17.0.10
j  java.awt.EventQueue.dispatchEventImpl(Ljava/awt/AWTEvent;Ljava/lang/Object;)V+21 java.desktop@17.0.10
j  java.awt.EventQueue$4.run()Ljava/lang/Void;+32 java.desktop@17.0.10
j  java.awt.EventQueue$4.run()Ljava/lang/Object;+1 java.desktop@17.0.10
J 660 c1 java.security.AccessController.doPrivileged(Ljava/security/PrivilegedAction;Ljava/security/AccessControlContext;)Ljava/lang/Object; java.base@17.0.10 (17 bytes) @ 0x000002d261422cdc [0x000002d261422b00+0x00000000000001dc]
j  java.security.ProtectionDomain$JavaSecurityAccessImpl.doIntersectionPrivilege(Ljava/security/PrivilegedAction;Ljava/security/AccessControlContext;Ljava/security/AccessControlContext;)Ljava/lang/Object;+18 java.base@17.0.10
j  java.awt.EventQueue.dispatchEvent(Ljava/awt/AWTEvent;)V+46 java.desktop@17.0.10
j  java.awt.EventDispatchThread.pumpOneEventForFilters(I)V+78 java.desktop@17.0.10
j  java.awt.EventDispatchThread.pumpEventsForFilter(ILjava/awt/Conditional;Ljava/awt/EventFilter;)V+35 java.desktop@17.0.10
j  java.awt.EventDispatchThread.pumpEventsForHierarchy(ILjava/awt/Conditional;Ljava/awt/Component;)V+11 java.desktop@17.0.10
j  java.awt.EventDispatchThread.pumpEvents(ILjava/awt/Conditional;)V+4 java.desktop@17.0.10
j  java.awt.EventDispatchThread.pumpEvents(Ljava/awt/Conditional;)V+3 java.desktop@17.0.10
j  java.awt.EventDispatchThread.run()V+9 java.desktop@17.0.10
v  ~StubRoutines::call_stub

---------------  P R O C E S S  ---------------

Threads class SMR info:
_java_thread_list=0x000002d27d3a5740, length=17, elements={
0x000002d2778a7600, 0x000002d2778a7ed0, 0x000002d2778ba4f0, 0x000002d2778bcdd0,
0x000002d2778bfab0, 0x000002d2778c0380, 0x000002d2778c0f80, 0x000002d2778c1940,
0x000002d2778cd760, 0x000002d277a992f0, 0x000002d277b357f0, 0x000002d277d30f10,
0x000002d277d37ec0, 0x000002d277d3b7c0, 0x000002d277d76220, 0x000002d277e40bf0,
0x000002d27d3c23d0
}

Java Threads: ( => current thread )
  0x000002d2778a7600 JavaThread "Reference Handler" daemon [_thread_blocked, id=10384, stack(0x000000d561600000,0x000000d561700000)]
  0x000002d2778a7ed0 JavaThread "Finalizer" daemon [_thread_blocked, id=15476, stack(0x000000d561700000,0x000000d561800000)]
  0x000002d2778ba4f0 JavaThread "Signal Dispatcher" daemon [_thread_blocked, id=20416, stack(0x000000d561800000,0x000000d561900000)]
  0x000002d2778bcdd0 JavaThread "Attach Listener" daemon [_thread_blocked, id=6368, stack(0x000000d561900000,0x000000d561a00000)]
  0x000002d2778bfab0 JavaThread "Service Thread" daemon [_thread_blocked, id=19332, stack(0x000000d561a00000,0x000000d561b00000)]
  0x000002d2778c0380 JavaThread "Monitor Deflation Thread" daemon [_thread_blocked, id=7856, stack(0x000000d561b00000,0x000000d561c00000)]
  0x000002d2778c0f80 JavaThread "C2 CompilerThread0" daemon [_thread_blocked, id=18588, stack(0x000000d561c00000,0x000000d561d00000)]
  0x000002d2778c1940 JavaThread "C1 CompilerThread0" daemon [_thread_blocked, id=20868, stack(0x000000d561d00000,0x000000d561e00000)]
  0x000002d2778cd760 JavaThread "Sweeper thread" daemon [_thread_blocked, id=20872, stack(0x000000d561e00000,0x000000d561f00000)]
  0x000002d277a992f0 JavaThread "Common-Cleaner" daemon [_thread_blocked, id=20272, stack(0x000000d561f00000,0x000000d562000000)]
  0x000002d277b357f0 JavaThread "Notification Thread" daemon [_thread_blocked, id=12576, stack(0x000000d562000000,0x000000d562100000)]
  0x000002d277d30f10 JavaThread "Java2D Disposer" daemon [_thread_blocked, id=20800, stack(0x000000d562200000,0x000000d562300000)]
  0x000002d277d37ec0 JavaThread "AWT-Shutdown" [_thread_blocked, id=19668, stack(0x000000d562300000,0x000000d562400000)]
  0x000002d277d3b7c0 JavaThread "AWT-Windows" daemon [_thread_in_native, id=6056, stack(0x000000d562400000,0x000000d562500000)]
  0x000002d277d76220 JavaThread "Image Fetcher 0" daemon [_thread_blocked, id=20612, stack(0x000000d562500000,0x000000d562600000)]
=>0x000002d277e40bf0 JavaThread "AWT-EventQueue-0" [_thread_in_vm, id=21260, stack(0x000000d562600000,0x000000d562700000)]
  0x000002d27d3c23d0 JavaThread "DestroyJavaVM" [_thread_blocked, id=19968, stack(0x000000d560f00000,0x000000d561000000)]

Other Threads:
  0x000002d2778a2d40 VMThread "VM Thread" [stack: 0x000000d561500000,0x000000d561600000] [id=20844]
  0x000002d2582cbda0 WatcherThread [stack: 0x000000d562100000,0x000000d562200000] [id=10552]
  0x000002d2582ac2c0 GCTaskThread "GC Thread#0" [stack: 0x000000d561000000,0x000000d561100000] [id=15116]
  0x000002d2582bc8a0 ConcurrentGCThread "G1 Main Marker" [stack: 0x000000d561100000,0x000000d561200000] [id=19884]
  0x000002d2582bd1c0 ConcurrentGCThread "G1 Conc#0" [stack: 0x000000d561200000,0x000000d561300000] [id=21264]
  0x000002d258328950 ConcurrentGCThread "G1 Refine#0" [stack: 0x000000d561300000,0x000000d561400000] [id=18044]
  0x000002d258329290 ConcurrentGCThread "G1 Service" [stack: 0x000000d561400000,0x000000d561500000] [id=10832]

Threads with active compile tasks:

VM state: not at safepoint (normal execution)

VM Mutex/Monitor currently owned by a thread:  ([mutex/lock_event])
[0x000002d25824c810] Metaspace_lock - owner thread: 0x000002d277e40bf0

Heap address: 0x0000000084400000, size: 1980 MB, Compressed Oops mode: 32-bit

CDS archive(s) mapped at: [0x000002d200000000-0x000002d200bd0000-0x000002d200bd0000), size 12386304, SharedBaseAddress: 0x000002d200000000, ArchiveRelocationMode: 1.
Compressed class space mapped at: 0x000002d201000000-0x000002d241000000, reserved size: 1073741824
Narrow klass base: 0x000002d200000000, Narrow klass shift: 0, Narrow klass range: 0x100000000

GC Precious Log:
 CPUs: 4 total, 4 available
 Memory: 7914M
 Large Page Support: Disabled
 NUMA Support: Disabled
 Compressed Oops: Enabled (32-bit)
 Heap Region Size: 1M
 Heap Min Capacity: 8M
 Heap Initial Capacity: 124M
 Heap Max Capacity: 1980M
 Pre-touch: Disabled
 Parallel Workers: 4
 Concurrent Workers: 1
 Concurrent Refinement Workers: 4
 Periodic GC: Disabled

Heap:
 garbage-first heap   total 126976K, used 10240K [0x0000000084400000, 0x0000000100000000)
  region size 1024K, 9 young (9216K), 0 survivors (0K)
 Metaspace       used 7635K, committed 7808K, reserved 1114112K
  class space    used 874K, committed 960K, reserved 1048576K

Heap Regions: E=young(eden), S=young(survivor), O=old, HS=humongous(starts), HC=humongous(continues), CS=collection set, F=free, OA=open archive, CA=closed archive, TAMS=top-at-mark-start (previous, next)
|   0|0x0000000084400000, 0x0000000084500000, 0x0000000084500000|100%|HS|  |TAMS 0x0000000084400000, 0x0000000084400000| Complete 
|   1|0x0000000084500000, 0x0000000084600000, 0x0000000084600000|100%|HC|  |TAMS 0x0000000084500000, 0x0000000084500000| Complete 
|   2|0x0000000084600000, 0x0000000084700000, 0x0000000084700000|100%|HC|  |TAMS 0x0000000084600000, 0x0000000084600000| Complete 
|   3|0x0000000084700000, 0x0000000084700000, 0x0000000084800000|  0%| F|  |TAMS 0x0000000084700000, 0x0000000084700000| Untracked 
|   4|0x0000000084800000, 0x0000000084800000, 0x0000000084900000|  0%| F|  |TAMS 0x0000000084800000, 0x0000000084800000| Untracked 
|   5|0x0000000084900000, 0x0000000084900000, 0x0000000084a00000|  0%| F|  |TAMS 0x0000000084900000, 0x0000000084900000| Untracked 
|   6|0x0000000084a00000, 0x0000000084a00000, 0x0000000084b00000|  0%| F|  |TAMS 0x0000000084a00000, 0x0000000084a00000| Untracked 
|   7|0x0000000084b00000, 0x0000000084b00000, 0x0000000084c00000|  0%| F|  |TAMS 0x0000000084b00000, 0x0000000084b00000| Untracked 
|   8|0x0000000084c00000, 0x0000000084c00000, 0x0000000084d00000|  0%| F|  |TAMS 0x0000000084c00000, 0x0000000084c00000| Untracked 
|   9|0x0000000084d00000, 0x0000000084d00000, 0x0000000084e00000|  0%| F|  |TAMS 0x0000000084d00000, 0x0000000084d00000| Untracked 
|  10|0x0000000084e00000, 0x0000000084e00000, 0x0000000084f00000|  0%| F|  |TAMS 0x0000000084e00000, 0x0000000084e00000| Untracked 
|  11|0x0000000084f00000, 0x0000000084f00000, 0x0000000085000000|  0%| F|  |TAMS 0x0000000084f00000, 0x0000000084f00000| Untracked 
|  12|0x0000000085000000, 0x0000000085000000, 0x0000000085100000|  0%| F|  |TAMS 0x0000000085000000, 0x0000000085000000| Untracked 
|  13|0x0000000085100000, 0x0000000085100000, 0x0000000085200000|  0%| F|  |TAMS 0x0000000085100000, 0x0000000085100000| Untracked 
|  14|0x0000000085200000, 0x0000000085200000, 0x0000000085300000|  0%| F|  |TAMS 0x0000000085200000, 0x0000000085200000| Untracked 
|  15|0x0000000085300000, 0x0000000085300000, 0x0000000085400000|  0%| F|  |TAMS 0x0000000085300000, 0x0000000085300000| Untracked 
|  16|0x0000000085400000, 0x0000000085400000, 0x0000000085500000|  0%| F|  |TAMS 0x0000000085400000, 0x0000000085400000| Untracked 
|  17|0x0000000085500000, 0x0000000085500000, 0x0000000085600000|  0%| F|  |TAMS 0x0000000085500000, 0x0000000085500000| Untracked 
|  18|0x0000000085600000, 0x0000000085600000, 0x0000000085700000|  0%| F|  |TAMS 0x0000000085600000, 0x0000000085600000| Untracked 
|  19|0x0000000085700000, 0x0000000085700000, 0x0000000085800000|  0%| F|  |TAMS 0x0000000085700000, 0x0000000085700000| Untracked 
|  20|0x0000000085800000, 0x0000000085800000, 0x0000000085900000|  0%| F|  |TAMS 0x0000000085800000, 0x0000000085800000| Untracked 
|  21|0x0000000085900000, 0x0000000085900000, 0x0000000085a00000|  0%| F|  |TAMS 0x0000000085900000, 0x0000000085900000| Untracked 
|  22|0x0000000085a00000, 0x0000000085a00000, 0x0000000085b00000|  0%| F|  |TAMS 0x0000000085a00000, 0x0000000085a00000| Untracked 
|  23|0x0000000085b00000, 0x0000000085b00000, 0x0000000085c00000|  0%| F|  |TAMS 0x0000000085b00000, 0x0000000085b00000| Untracked 
|  24|0x0000000085c00000, 0x0000000085c00000, 0x0000000085d00000|  0%| F|  |TAMS 0x0000000085c00000, 0x0000000085c00000| Untracked 
|  25|0x0000000085d00000, 0x0000000085d00000, 0x0000000085e00000|  0%| F|  |TAMS 0x0000000085d00000, 0x0000000085d00000| Untracked 
|  26|0x0000000085e00000, 0x0000000085e00000, 0x0000000085f00000|  0%| F|  |TAMS 0x0000000085e00000, 0x0000000085e00000| Untracked 
|  27|0x0000000085f00000, 0x0000000085f00000, 0x0000000086000000|  0%| F|  |TAMS 0x0000000085f00000, 0x0000000085f00000| Untracked 
|  28|0x0000000086000000, 0x0000000086000000, 0x0000000086100000|  0%| F|  |TAMS 0x0000000086000000, 0x0000000086000000| Untracked 
|  29|0x0000000086100000, 0x0000000086100000, 0x0000000086200000|  0%| F|  |TAMS 0x0000000086100000, 0x0000000086100000| Untracked 
|  30|0x0000000086200000, 0x0000000086200000, 0x0000000086300000|  0%| F|  |TAMS 0x0000000086200000, 0x0000000086200000| Untracked 
|  31|0x0000000086300000, 0x0000000086300000, 0x0000000086400000|  0%| F|  |TAMS 0x0000000086300000, 0x0000000086300000| Untracked 
|  32|0x0000000086400000, 0x0000000086400000, 0x0000000086500000|  0%| F|  |TAMS 0x0000000086400000, 0x0000000086400000| Untracked 
|  33|0x0000000086500000, 0x0000000086500000, 0x0000000086600000|  0%| F|  |TAMS 0x0000000086500000, 0x0000000086500000| Untracked 
|  34|0x0000000086600000, 0x0000000086600000, 0x0000000086700000|  0%| F|  |TAMS 0x0000000086600000, 0x0000000086600000| Untracked 
|  35|0x0000000086700000, 0x0000000086700000, 0x0000000086800000|  0%| F|  |TAMS 0x0000000086700000, 0x0000000086700000| Untracked 
|  36|0x0000000086800000, 0x0000000086800000, 0x0000000086900000|  0%| F|  |TAMS 0x0000000086800000, 0x0000000086800000| Untracked 
|  37|0x0000000086900000, 0x0000000086900000, 0x0000000086a00000|  0%| F|  |TAMS 0x0000000086900000, 0x0000000086900000| Untracked 
|  38|0x0000000086a00000, 0x0000000086a00000, 0x0000000086b00000|  0%| F|  |TAMS 0x0000000086a00000, 0x0000000086a00000| Untracked 
|  39|0x0000000086b00000, 0x0000000086b00000, 0x0000000086c00000|  0%| F|  |TAMS 0x0000000086b00000, 0x0000000086b00000| Untracked 
|  40|0x0000000086c00000, 0x0000000086c00000, 0x0000000086d00000|  0%| F|  |TAMS 0x0000000086c00000, 0x0000000086c00000| Untracked 
|  41|0x0000000086d00000, 0x0000000086d00000, 0x0000000086e00000|  0%| F|  |TAMS 0x0000000086d00000, 0x0000000086d00000| Untracked 
|  42|0x0000000086e00000, 0x0000000086e00000, 0x0000000086f00000|  0%| F|  |TAMS 0x0000000086e00000, 0x0000000086e00000| Untracked 
|  43|0x0000000086f00000, 0x0000000086f00000, 0x0000000087000000|  0%| F|  |TAMS 0x0000000086f00000, 0x0000000086f00000| Untracked 
|  44|0x0000000087000000, 0x0000000087000000, 0x0000000087100000|  0%| F|  |TAMS 0x0000000087000000, 0x0000000087000000| Untracked 
|  45|0x0000000087100000, 0x0000000087100000, 0x0000000087200000|  0%| F|  |TAMS 0x0000000087100000, 0x0000000087100000| Untracked 
|  46|0x0000000087200000, 0x0000000087200000, 0x0000000087300000|  0%| F|  |TAMS 0x0000000087200000, 0x0000000087200000| Untracked 
|  47|0x0000000087300000, 0x0000000087300000, 0x0000000087400000|  0%| F|  |TAMS 0x0000000087300000, 0x0000000087300000| Untracked 
|  48|0x0000000087400000, 0x0000000087400000, 0x0000000087500000|  0%| F|  |TAMS 0x0000000087400000, 0x0000000087400000| Untracked 
|  49|0x0000000087500000, 0x0000000087500000, 0x0000000087600000|  0%| F|  |TAMS 0x0000000087500000, 0x0000000087500000| Untracked 
|  50|0x0000000087600000, 0x0000000087600000, 0x0000000087700000|  0%| F|  |TAMS 0x0000000087600000, 0x0000000087600000| Untracked 
|  51|0x0000000087700000, 0x0000000087700000, 0x0000000087800000|  0%| F|  |TAMS 0x0000000087700000, 0x0000000087700000| Untracked 
|  52|0x0000000087800000, 0x0000000087800000, 0x0000000087900000|  0%| F|  |TAMS 0x0000000087800000, 0x0000000087800000| Untracked 
|  53|0x0000000087900000, 0x0000000087900000, 0x0000000087a00000|  0%| F|  |TAMS 0x0000000087900000, 0x0000000087900000| Untracked 
|  54|0x0000000087a00000, 0x0000000087a00000, 0x0000000087b00000|  0%| F|  |TAMS 0x0000000087a00000, 0x0000000087a00000| Untracked 
|  55|0x0000000087b00000, 0x0000000087b00000, 0x0000000087c00000|  0%| F|  |TAMS 0x0000000087b00000, 0x0000000087b00000| Untracked 
|  56|0x0000000087c00000, 0x0000000087c00000, 0x0000000087d00000|  0%| F|  |TAMS 0x0000000087c00000, 0x0000000087c00000| Untracked 
|  57|0x0000000087d00000, 0x0000000087d00000, 0x0000000087e00000|  0%| F|  |TAMS 0x0000000087d00000, 0x0000000087d00000| Untracked 
|  58|0x0000000087e00000, 0x0000000087e00000, 0x0000000087f00000|  0%| F|  |TAMS 0x0000000087e00000, 0x0000000087e00000| Untracked 
|  59|0x0000000087f00000, 0x0000000087f00000, 0x0000000088000000|  0%| F|  |TAMS 0x0000000087f00000, 0x0000000087f00000| Untracked 
|  60|0x0000000088000000, 0x0000000088000000, 0x0000000088100000|  0%| F|  |TAMS 0x0000000088000000, 0x0000000088000000| Untracked 
|  61|0x0000000088100000, 0x0000000088100000, 0x0000000088200000|  0%| F|  |TAMS 0x0000000088100000, 0x0000000088100000| Untracked 
|  62|0x0000000088200000, 0x0000000088200000, 0x0000000088300000|  0%| F|  |TAMS 0x0000000088200000, 0x0000000088200000| Untracked 
|  63|0x0000000088300000, 0x0000000088300000, 0x0000000088400000|  0%| F|  |TAMS 0x0000000088300000, 0x0000000088300000| Untracked 
|  64|0x0000000088400000, 0x0000000088400000, 0x0000000088500000|  0%| F|  |TAMS 0x0000000088400000, 0x0000000088400000| Untracked 
|  65|0x0000000088500000, 0x0000000088500000, 0x0000000088600000|  0%| F|  |TAMS 0x0000000088500000, 0x0000000088500000| Untracked 
|  66|0x0000000088600000, 0x0000000088600000, 0x0000000088700000|  0%| F|  |TAMS 0x0000000088600000, 0x0000000088600000| Untracked 
|  67|0x0000000088700000, 0x0000000088700000, 0x0000000088800000|  0%| F|  |TAMS 0x0000000088700000, 0x0000000088700000| Untracked 
|  68|0x0000000088800000, 0x0000000088800000, 0x0000000088900000|  0%| F|  |TAMS 0x0000000088800000, 0x0000000088800000| Untracked 
|  69|0x0000000088900000, 0x0000000088900000, 0x0000000088a00000|  0%| F|  |TAMS 0x0000000088900000, 0x0000000088900000| Untracked 
|  70|0x0000000088a00000, 0x0000000088a00000, 0x0000000088b00000|  0%| F|  |TAMS 0x0000000088a00000, 0x0000000088a00000| Untracked 
|  71|0x0000000088b00000, 0x0000000088b00000, 0x0000000088c00000|  0%| F|  |TAMS 0x0000000088b00000, 0x0000000088b00000| Untracked 
|  72|0x0000000088c00000, 0x0000000088c00000, 0x0000000088d00000|  0%| F|  |TAMS 0x0000000088c00000, 0x0000000088c00000| Untracked 
|  73|0x0000000088d00000, 0x0000000088d00000, 0x0000000088e00000|  0%| F|  |TAMS 0x0000000088d00000, 0x0000000088d00000| Untracked 
|  74|0x0000000088e00000, 0x0000000088e00000, 0x0000000088f00000|  0%| F|  |TAMS 0x0000000088e00000, 0x0000000088e00000| Untracked 
|  75|0x0000000088f00000, 0x0000000088f00000, 0x0000000089000000|  0%| F|  |TAMS 0x0000000088f00000, 0x0000000088f00000| Untracked 
|  76|0x0000000089000000, 0x0000000089000000, 0x0000000089100000|  0%| F|  |TAMS 0x0000000089000000, 0x0000000089000000| Untracked 
|  77|0x0000000089100000, 0x0000000089100000, 0x0000000089200000|  0%| F|  |TAMS 0x0000000089100000, 0x0000000089100000| Untracked 
|  78|0x0000000089200000, 0x0000000089200000, 0x0000000089300000|  0%| F|  |TAMS 0x0000000089200000, 0x0000000089200000| Untracked 
|  79|0x0000000089300000, 0x0000000089300000, 0x0000000089400000|  0%| F|  |TAMS 0x0000000089300000, 0x0000000089300000| Untracked 
|  80|0x0000000089400000, 0x0000000089400000, 0x0000000089500000|  0%| F|  |TAMS 0x0000000089400000, 0x0000000089400000| Untracked 
|  81|0x0000000089500000, 0x0000000089500000, 0x0000000089600000|  0%| F|  |TAMS 0x0000000089500000, 0x0000000089500000| Untracked 
|  82|0x0000000089600000, 0x0000000089600000, 0x0000000089700000|  0%| F|  |TAMS 0x0000000089600000, 0x0000000089600000| Untracked 
|  83|0x0000000089700000, 0x0000000089700000, 0x0000000089800000|  0%| F|  |TAMS 0x0000000089700000, 0x0000000089700000| Untracked 
|  84|0x0000000089800000, 0x0000000089800000, 0x0000000089900000|  0%| F|  |TAMS 0x0000000089800000, 0x0000000089800000| Untracked 
|  85|0x0000000089900000, 0x0000000089900000, 0x0000000089a00000|  0%| F|  |TAMS 0x0000000089900000, 0x0000000089900000| Untracked 
|  86|0x0000000089a00000, 0x0000000089a00000, 0x0000000089b00000|  0%| F|  |TAMS 0x0000000089a00000, 0x0000000089a00000| Untracked 
|  87|0x0000000089b00000, 0x0000000089b00000, 0x0000000089c00000|  0%| F|  |TAMS 0x0000000089b00000, 0x0000000089b00000| Untracked 
|  88|0x0000000089c00000, 0x0000000089c00000, 0x0000000089d00000|  0%| F|  |TAMS 0x0000000089c00000, 0x0000000089c00000| Untracked 
|  89|0x0000000089d00000, 0x0000000089d00000, 0x0000000089e00000|  0%| F|  |TAMS 0x0000000089d00000, 0x0000000089d00000| Untracked 
|  90|0x0000000089e00000, 0x0000000089e00000, 0x0000000089f00000|  0%| F|  |TAMS 0x0000000089e00000, 0x0000000089e00000| Untracked 
|  91|0x0000000089f00000, 0x0000000089f00000, 0x000000008a000000|  0%| F|  |TAMS 0x0000000089f00000, 0x0000000089f00000| Untracked 
|  92|0x000000008a000000, 0x000000008a000000, 0x000000008a100000|  0%| F|  |TAMS 0x000000008a000000, 0x000000008a000000| Untracked 
|  93|0x000000008a100000, 0x000000008a100000, 0x000000008a200000|  0%| F|  |TAMS 0x000000008a100000, 0x000000008a100000| Untracked 
|  94|0x000000008a200000, 0x000000008a200000, 0x000000008a300000|  0%| F|  |TAMS 0x000000008a200000, 0x000000008a200000| Untracked 
|  95|0x000000008a300000, 0x000000008a300000, 0x000000008a400000|  0%| F|  |TAMS 0x000000008a300000, 0x000000008a300000| Untracked 
|  96|0x000000008a400000, 0x000000008a400000, 0x000000008a500000|  0%| F|  |TAMS 0x000000008a400000, 0x000000008a400000| Untracked 
|  97|0x000000008a500000, 0x000000008a500000, 0x000000008a600000|  0%| F|  |TAMS 0x000000008a500000, 0x000000008a500000| Untracked 
|  98|0x000000008a600000, 0x000000008a600000, 0x000000008a700000|  0%| F|  |TAMS 0x000000008a600000, 0x000000008a600000| Untracked 
|  99|0x000000008a700000, 0x000000008a700000, 0x000000008a800000|  0%| F|  |TAMS 0x000000008a700000, 0x000000008a700000| Untracked 
| 100|0x000000008a800000, 0x000000008a800000, 0x000000008a900000|  0%| F|  |TAMS 0x000000008a800000, 0x000000008a800000| Untracked 
| 101|0x000000008a900000, 0x000000008a900000, 0x000000008aa00000|  0%| F|  |TAMS 0x000000008a900000, 0x000000008a900000| Untracked 
| 102|0x000000008aa00000, 0x000000008aa00000, 0x000000008ab00000|  0%| F|  |TAMS 0x000000008aa00000, 0x000000008aa00000| Untracked 
| 103|0x000000008ab00000, 0x000000008ab00000, 0x000000008ac00000|  0%| F|  |TAMS 0x000000008ab00000, 0x000000008ab00000| Untracked 
| 104|0x000000008ac00000, 0x000000008ac00000, 0x000000008ad00000|  0%| F|  |TAMS 0x000000008ac00000, 0x000000008ac00000| Untracked 
| 105|0x000000008ad00000, 0x000000008ad00000, 0x000000008ae00000|  0%| F|  |TAMS 0x000000008ad00000, 0x000000008ad00000| Untracked 
| 106|0x000000008ae00000, 0x000000008ae00000, 0x000000008af00000|  0%| F|  |TAMS 0x000000008ae00000, 0x000000008ae00000| Untracked 
| 107|0x000000008af00000, 0x000000008af00000, 0x000000008b000000|  0%| F|  |TAMS 0x000000008af00000, 0x000000008af00000| Untracked 
| 108|0x000000008b000000, 0x000000008b000000, 0x000000008b100000|  0%| F|  |TAMS 0x000000008b000000, 0x000000008b000000| Untracked 
| 109|0x000000008b100000, 0x000000008b100000, 0x000000008b200000|  0%| F|  |TAMS 0x000000008b100000, 0x000000008b100000| Untracked 
| 110|0x000000008b200000, 0x000000008b200000, 0x000000008b300000|  0%| F|  |TAMS 0x000000008b200000, 0x000000008b200000| Untracked 
| 111|0x000000008b300000, 0x000000008b300000, 0x000000008b400000|  0%| F|  |TAMS 0x000000008b300000, 0x000000008b300000| Untracked 
| 112|0x000000008b400000, 0x000000008b400000, 0x000000008b500000|  0%| F|  |TAMS 0x000000008b400000, 0x000000008b400000| Untracked 
| 113|0x000000008b500000, 0x000000008b500000, 0x000000008b600000|  0%| F|  |TAMS 0x000000008b500000, 0x000000008b500000| Untracked 
| 114|0x000000008b600000, 0x000000008b600000, 0x000000008b700000|  0%| F|  |TAMS 0x000000008b600000, 0x000000008b600000| Untracked 
| 115|0x000000008b700000, 0x000000008b785b68, 0x000000008b800000| 52%| E|  |TAMS 0x000000008b700000, 0x000000008b700000| Complete 
| 116|0x000000008b800000, 0x000000008b900000, 0x000000008b900000|100%| E|CS|TAMS 0x000000008b800000, 0x000000008b800000| Complete 
| 117|0x000000008b900000, 0x000000008ba00000, 0x000000008ba00000|100%| E|  |TAMS 0x000000008b900000, 0x000000008b900000| Complete 
| 118|0x000000008ba00000, 0x000000008bb00000, 0x000000008bb00000|100%| E|CS|TAMS 0x000000008ba00000, 0x000000008ba00000| Complete 
| 119|0x000000008bb00000, 0x000000008bc00000, 0x000000008bc00000|100%| E|CS|TAMS 0x000000008bb00000, 0x000000008bb00000| Complete 
| 120|0x000000008bc00000, 0x000000008bd00000, 0x000000008bd00000|100%| E|CS|TAMS 0x000000008bc00000, 0x000000008bc00000| Complete 
| 121|0x000000008bd00000, 0x000000008be00000, 0x000000008be00000|100%| E|CS|TAMS 0x000000008bd00000, 0x000000008bd00000| Complete 
| 122|0x000000008be00000, 0x000000008bf00000, 0x000000008bf00000|100%| E|CS|TAMS 0x000000008be00000, 0x000000008be00000| Complete 
| 123|0x000000008bf00000, 0x000000008c000000, 0x000000008c000000|100%| E|CS|TAMS 0x000000008bf00000, 0x000000008bf00000| Complete 

Card table byte_map: [0x000002d270d20000,0x000002d271100000] _byte_map_base: 0x000002d2708fe000

Marking Bits (Prev, Next): (CMBitMap*) 0x000002d2582ac7f0, (CMBitMap*) 0x000002d2582ac830
 Prev Bits: [0x000002d2714e0000, 0x000002d2733d0000)
 Next Bits: [0x000002d2733d0000, 0x000002d2752c0000)

Polling page: 0x000002d258330000

Metaspace:

Usage:
  Non-class:      6.60 MB used.
      Class:    874.83 KB used.
       Both:      7.46 MB used.

Virtual space:
  Non-class space:       64.00 MB reserved,       6.69 MB ( 10%) committed,  1 nodes.
      Class space:        1.00 GB reserved,     960.00 KB ( <1%) committed,  1 nodes.
             Both:        1.06 GB reserved,       7.62 MB ( <1%) committed. 

Chunk freelists:
   Non-Class:  8.99 MB
       Class:  15.11 MB
        Both:  24.09 MB

MaxMetaspaceSize: unlimited
CompressedClassSpaceSize: 1.00 GB
Initial GC threshold: 21.00 MB
Current GC threshold: 21.00 MB
CDS: on
MetaspaceReclaimPolicy: balanced
 - commit_granule_bytes: 65536.
 - commit_granule_words: 8192.
 - virtual_space_node_default_size: 8388608.
 - enlarge_chunks_in_place: 1.
 - new_chunks_are_fully_committed: 0.
 - uncommit_free_chunks: 1.
 - use_allocation_guard: 0.
 - handle_deallocations: 1.


Internal statistics:

num_allocs_failed_limit: 0.
num_arena_births: 118.
num_arena_deaths: 0.
num_vsnodes_births: 2.
num_vsnodes_deaths: 0.
num_space_committed: 122.
num_space_uncommitted: 0.
num_chunks_returned_to_freelist: 0.
num_chunks_taken_from_freelist: 161.
num_chunk_merges: 0.
num_chunk_splits: 92.
num_chunks_enlarged: 34.
num_inconsistent_stats: 0.

CodeHeap 'non-profiled nmethods': size=120000Kb used=240Kb max_used=240Kb free=119759Kb
 bounds [0x000002d268df0000, 0x000002d269060000, 0x000002d270320000]
CodeHeap 'profiled nmethods': size=120000Kb used=1298Kb max_used=1298Kb free=118701Kb
 bounds [0x000002d261320000, 0x000002d261590000, 0x000002d268850000]
CodeHeap 'non-nmethods': size=5760Kb used=1274Kb max_used=1287Kb free=4485Kb
 bounds [0x000002d268850000, 0x000002d268ac0000, 0x000002d268df0000]
 total_blobs=1426 nmethods=840 adapters=499
 compilation: enabled
              stopped_count=0, restarted_count=0
 full_count=0

Compilation events (20 events):
Event: 0.336 Thread 0x000002d2778c1940  828       3       java.nio.ByteBufferAsCharBufferB::byteOffset (9 bytes)
Event: 0.336 Thread 0x000002d2778c1940 nmethod 828 0x000002d261461d90 code [0x000002d261461f20, 0x000002d261462038]
Event: 0.336 Thread 0x000002d2778c1940  831       3       java.nio.ByteBufferAsShortBufferB::get (30 bytes)
Event: 0.336 Thread 0x000002d2778c1940 nmethod 831 0x000002d261462110 code [0x000002d261462360, 0x000002d261462c28]
Event: 0.336 Thread 0x000002d2778c1940  833       3       java.lang.ref.Reference::<init> (7 bytes)
Event: 0.336 Thread 0x000002d2778c1940 nmethod 833 0x000002d261463010 code [0x000002d2614631c0, 0x000002d261463478]
Event: 0.336 Thread 0x000002d2778c1940  832       3       java.nio.ByteBufferAsShortBufferB::byteOffset (9 bytes)
Event: 0.337 Thread 0x000002d2778c1940 nmethod 832 0x000002d261463590 code [0x000002d261463720, 0x000002d261463838]
Event: 0.337 Thread 0x000002d2778c1940  834       3       java.nio.Buffer::position (52 bytes)
Event: 0.337 Thread 0x000002d2778c1940 nmethod 834 0x000002d261463910 code [0x000002d261463ac0, 0x000002d261463d48]
Event: 0.337 Thread 0x000002d2778c1940  835       1       java.lang.Thread::isInterrupted (5 bytes)
Event: 0.337 Thread 0x000002d2778c1940 nmethod 835 0x000002d268e2ba90 code [0x000002d268e2bc20, 0x000002d268e2bcf8]
Event: 0.338 Thread 0x000002d2778c1940  837       3       java.nio.channels.spi.AbstractInterruptibleChannel::isOpen (13 bytes)
Event: 0.338 Thread 0x000002d2778c1940 nmethod 837 0x000002d261463e10 code [0x000002d261463fa0, 0x000002d261464118]
Event: 0.338 Thread 0x000002d2778c1940  838   !   3       java.lang.Thread::blockedOn (27 bytes)
Event: 0.338 Thread 0x000002d2778c1940 nmethod 838 0x000002d261464190 code [0x000002d261464340, 0x000002d261464598]
Event: 0.338 Thread 0x000002d2778c1940  836       1       sun.nio.ch.NativeThread::current (2 bytes)
Event: 0.338 Thread 0x000002d2778c1940 nmethod 836 0x000002d268e2bd90 code [0x000002d268e2bf20, 0x000002d268e2bfd8]
Event: 0.338 Thread 0x000002d2778c1940  839       3       java.nio.ByteBuffer::position (8 bytes)
Event: 0.339 Thread 0x000002d2778c1940 nmethod 839 0x000002d261464690 code [0x000002d261464820, 0x000002d261464968]

GC Heap History (0 events):
No events

Deoptimization events (20 events):
Event: 0.231 Thread 0x000002d258254270 Uncommon trap: trap_request=0xffffffde fr.pc=0x000002d268e1c3e0 relative=0x00000000000003a0
Event: 0.231 Thread 0x000002d258254270 Uncommon trap: reason=class_check action=maybe_recompile pc=0x000002d268e1c3e0 method=java.util.HashMap.getNode(Ljava/lang/Object;)Ljava/util/HashMap$Node; @ 63 c2
Event: 0.231 Thread 0x000002d258254270 DEOPT PACKING pc=0x000002d268e1c3e0 sp=0x000000d560ffec40
Event: 0.231 Thread 0x000002d258254270 DEOPT UNPACKING pc=0x000002d2688a5ba3 sp=0x000000d560ffebb8 mode 2
Event: 0.231 Thread 0x000002d258254270 Uncommon trap: trap_request=0xffffffde fr.pc=0x000002d268e1c3e0 relative=0x00000000000003a0
Event: 0.231 Thread 0x000002d258254270 Uncommon trap: reason=class_check action=maybe_recompile pc=0x000002d268e1c3e0 method=java.util.HashMap.getNode(Ljava/lang/Object;)Ljava/util/HashMap$Node; @ 63 c2
Event: 0.231 Thread 0x000002d258254270 DEOPT PACKING pc=0x000002d268e1c3e0 sp=0x000000d560ffec40
Event: 0.231 Thread 0x000002d258254270 DEOPT UNPACKING pc=0x000002d2688a5ba3 sp=0x000000d560ffebb8 mode 2
Event: 0.231 Thread 0x000002d258254270 Uncommon trap: trap_request=0xffffffde fr.pc=0x000002d268e1c3e0 relative=0x00000000000003a0
Event: 0.231 Thread 0x000002d258254270 Uncommon trap: reason=class_check action=maybe_recompile pc=0x000002d268e1c3e0 method=java.util.HashMap.getNode(Ljava/lang/Object;)Ljava/util/HashMap$Node; @ 63 c2
Event: 0.231 Thread 0x000002d258254270 DEOPT PACKING pc=0x000002d268e1c3e0 sp=0x000000d560ffec40
Event: 0.231 Thread 0x000002d258254270 DEOPT UNPACKING pc=0x000002d2688a5ba3 sp=0x000000d560ffebb8 mode 2
Event: 0.231 Thread 0x000002d258254270 Uncommon trap: trap_request=0xffffffde fr.pc=0x000002d268e1c3e0 relative=0x00000000000003a0
Event: 0.231 Thread 0x000002d258254270 Uncommon trap: reason=class_check action=maybe_recompile pc=0x000002d268e1c3e0 method=java.util.HashMap.getNode(Ljava/lang/Object;)Ljava/util/HashMap$Node; @ 63 c2
Event: 0.231 Thread 0x000002d258254270 DEOPT PACKING pc=0x000002d268e1c3e0 sp=0x000000d560ffec10
Event: 0.231 Thread 0x000002d258254270 DEOPT UNPACKING pc=0x000002d2688a5ba3 sp=0x000000d560ffeb88 mode 2
Event: 0.258 Thread 0x000002d258254270 Uncommon trap: trap_request=0xffffff45 fr.pc=0x000002d268e199c0 relative=0x0000000000000340
Event: 0.258 Thread 0x000002d258254270 Uncommon trap: reason=unstable_if action=reinterpret pc=0x000002d268e199c0 method=java.lang.StringUTF16.compress([CI[BII)I @ 20 c2
Event: 0.258 Thread 0x000002d258254270 DEOPT PACKING pc=0x000002d268e199c0 sp=0x000000d560ffd160
Event: 0.258 Thread 0x000002d258254270 DEOPT UNPACKING pc=0x000002d2688a5ba3 sp=0x000000d560ffd0e0 mode 2

Classes unloaded (0 events):
No events

Classes redefined (0 events):
No events

Internal exceptions (17 events):
Event: 0.047 Thread 0x000002d258254270 Exception <a 'sun/nio/fs/WindowsException'{0x000000008be30ae0}> (0x000000008be30ae0) 
thrown [s\open\src\hotspot\share\prims\jni.cpp, line 516]
Event: 0.048 Thread 0x000002d258254270 Exception <a 'sun/nio/fs/WindowsException'{0x000000008be30fc0}> (0x000000008be30fc0) 
thrown [s\open\src\hotspot\share\prims\jni.cpp, line 516]
Event: 0.049 Thread 0x000002d258254270 Exception <a 'sun/nio/fs/WindowsException'{0x000000008be330b8}> (0x000000008be330b8) 
thrown [s\open\src\hotspot\share\prims\jni.cpp, line 516]
Event: 0.049 Thread 0x000002d258254270 Exception <a 'sun/nio/fs/WindowsException'{0x000000008be33a90}> (0x000000008be33a90) 
thrown [s\open\src\hotspot\share\prims\jni.cpp, line 516]
Event: 0.077 Thread 0x000002d258254270 Exception <a 'java/lang/ClassNotFoundException'{0x000000008bd047a8}: sun/awt/resources/spi/awtProvider> (0x000000008bd047a8) 
thrown [s\open\src\hotspot\share\classfile\systemDictionary.cpp, line 256]
Event: 0.091 Thread 0x000002d258254270 Exception <a 'java/io/FileNotFoundException'{0x000000008bd56ee0}> (0x000000008bd56ee0) 
thrown [s\open\src\hotspot\share\prims\jni.cpp, line 516]
Event: 0.095 Thread 0x000002d258254270 Exception <a 'java/io/FileNotFoundException'{0x000000008bd83dd8}> (0x000000008bd83dd8) 
thrown [s\open\src\hotspot\share\prims\jni.cpp, line 516]
Event: 0.118 Thread 0x000002d258254270 Exception <a 'java/lang/NoSuchMethodError'{0x000000008bdc7f70}: 'java.lang.Object java.lang.invoke.DirectMethodHandle$Holder.invokeStaticInit(java.lang.Object)'> (0x000000008bdc7f70) 
thrown [s\open\src\hotspot\share\interpreter\linkResolver.cpp, line 759]
Event: 0.138 Thread 0x000002d258254270 Exception <a 'java/lang/NoSuchMethodError'{0x000000008bc58050}: 'void java.lang.invoke.DirectMethodHandle$Holder.invokeSpecial(java.lang.Object, java.lang.Object, java.lang.Object)'> (0x000000008bc58050) 
thrown [s\open\src\hotspot\share\interpreter\linkResolver.cpp, line 759]
Event: 0.142 Thread 0x000002d258254270 Exception <a 'java/lang/NoSuchMethodError'{0x000000008bc821b8}: 'java.lang.Object java.lang.invoke.DirectMethodHandle$Holder.newInvokeSpecial(java.lang.Object, java.lang.Object, java.lang.Object, java.lang.Object, java.lang.Object)'> (0x000000008bc821b8) 
thrown [s\open\src\hotspot\share\interpreter\linkResolver.cpp, line 759]
Event: 0.143 Thread 0x000002d258254270 Exception <a 'java/lang/NoSuchMethodError'{0x000000008bc8ddc0}: 'java.lang.Object java.lang.invoke.DirectMethodHandle$Holder.invokeStatic(java.lang.Object, int, java.lang.Object, java.lang.Object, java.lang.Object, java.lang.Object)'> (0x000000008bc8ddc0) 
thrown [s\open\src\hotspot\share\interpreter\linkResolver.cpp, line 759]
Event: 0.146 Thread 0x000002d258254270 Exception <a 'java/lang/NoSuchMethodError'{0x000000008bcb3580}: 'java.lang.Object java.lang.invoke.DirectMethodHandle$Holder.invokeStatic(java.lang.Object, int, java.lang.Object)'> (0x000000008bcb3580) 
thrown [s\open\src\hotspot\share\interpreter\linkResolver.cpp, line 759]
Event: 0.160 Thread 0x000002d258254270 Exception <a 'java/lang/ClassNotFoundException'{0x000000008bb6b820}: com/sun/swing/internal/plaf/metal/resources/spi/metalProvider> (0x000000008bb6b820) 
thrown [s\open\src\hotspot\share\classfile\systemDictionary.cpp, line 256]
Event: 0.161 Thread 0x000002d258254270 Exception <a 'java/lang/ClassNotFoundException'{0x000000008bb6f678}: com/sun/swing/internal/plaf/basic/resources/spi/basicProvider> (0x000000008bb6f678) 
thrown [s\open\src\hotspot\share\classfile\systemDictionary.cpp, line 256]
Event: 0.206 Thread 0x000002d277d76220 Exception <a 'java/lang/NoSuchMethodError'{0x000000008b9420f8}: 'java.lang.Object java.lang.invoke.DirectMethodHandle$Holder.newInvokeSpecial(java.lang.Object, java.lang.Object, java.lang.Object, int, int, int, int, int)'> (0x000000008b9420f8) 
thrown [s\open\src\hotspot\share\interpreter\linkResolver.cpp, line 759]
Event: 0.239 Thread 0x000002d277d3b7c0 Exception <a 'java/lang/NoSuchMethodError'{0x000000008bc100f8}: 'void java.lang.invoke.DirectMethodHandle$Holder.invokeVirtual(java.lang.Object, java.lang.Object)'> (0x000000008bc100f8) 
thrown [s\open\src\hotspot\share\interpreter\linkResolver.cpp, line 759]
Event: 0.250 Thread 0x000002d258254270 Exception <a 'java/lang/NoSuchMethodError'{0x000000008b8d4990}: 'void java.lang.invoke.DirectMethodHandle$Holder.invokeStaticInit(java.lang.Object)'> (0x000000008b8d4990) 
thrown [s\open\src\hotspot\share\interpreter\linkResolver.cpp, line 759]

VM Operations (8 events):
Event: 0.049 Executing VM operation: HandshakeAllThreads
Event: 0.049 Executing VM operation: HandshakeAllThreads done
Event: 0.228 Executing VM operation: HandshakeAllThreads
Event: 0.228 Executing VM operation: HandshakeAllThreads done
Event: 0.263 Executing VM operation: HandshakeAllThreads
Event: 0.263 Executing VM operation: HandshakeAllThreads done
Event: 0.318 Executing VM operation: HandshakeAllThreads
Event: 0.318 Executing VM operation: HandshakeAllThreads done

Events (20 events):
Event: 0.335 loading class sun/font/CMap done
Event: 0.335 loading class sun/font/CMap$NullCMapClass
Event: 0.335 loading class sun/font/CMap$NullCMapClass done
Event: 0.335 loading class sun/font/CMap$CMapFormat4
Event: 0.335 loading class sun/font/CMap$CMapFormat4 done
Event: 0.335 loading class java/nio/ByteBufferAsCharBufferB
Event: 0.335 loading class java/nio/ByteBufferAsCharBufferB done
Event: 0.336 loading class jdk/internal/misc/ScopedMemoryAccess$Scope
Event: 0.336 loading class jdk/internal/misc/ScopedMemoryAccess$Scope done
Event: 0.337 loading class sun/font/FontDesignMetrics$KeyReference
Event: 0.337 loading class sun/font/FontDesignMetrics$KeyReference done
Event: 0.337 loading class sun/font/CompositeGlyphMapper
Event: 0.337 loading class sun/font/CompositeGlyphMapper done
Event: 0.340 loading class java/awt/print/PrinterGraphics
Event: 0.340 loading class java/awt/print/PrinterGraphics done
Event: 0.340 loading class java/awt/PrintGraphics
Event: 0.340 loading class java/awt/PrintGraphics done
Event: 0.340 loading class sun/java2d/loops/FontInfo
Event: 0.340 loading class sun/java2d/loops/FontInfo done
Event: 0.340 loading class javax/swing/plaf/metal/MetalUtils


Dynamic libraries:
0x00007ff657540000 - 0x00007ff657550000 	C:\Program Files\Java\jdk-17\bin\java.exe
0x00007ffb4bfd0000 - 0x00007ffb4c1c8000 	C:\Windows\SYSTEM32\ntdll.dll
0x00007ffb4ade0000 - 0x00007ffb4ae9d000 	C:\Windows\System32\KERNEL32.DLL
0x00007ffb49740000 - 0x00007ffb49a36000 	C:\Windows\System32\KERNELBASE.dll
0x00007ffb49e20000 - 0x00007ffb49f20000 	C:\Windows\System32\ucrtbase.dll
0x00007ffb45f60000 - 0x00007ffb45f7b000 	C:\Program Files\Java\jdk-17\bin\VCRUNTIME140.dll
0x00007ffb43d50000 - 0x00007ffb43d69000 	C:\Program Files\Java\jdk-17\bin\jli.dll
0x00007ffb4ac50000 - 0x00007ffb4ad00000 	C:\Windows\System32\ADVAPI32.dll
0x00007ffb4a690000 - 0x00007ffb4a72e000 	C:\Windows\System32\msvcrt.dll
0x00007ffb4b3c0000 - 0x00007ffb4b460000 	C:\Windows\System32\sechost.dll
0x00007ffb4b050000 - 0x00007ffb4b173000 	C:\Windows\System32\RPCRT4.dll
0x00007ffb49ab0000 - 0x00007ffb49ad7000 	C:\Windows\System32\bcrypt.dll
0x00007ffb4a750000 - 0x00007ffb4a8ef000 	C:\Windows\System32\USER32.dll
0x00007ffb49df0000 - 0x00007ffb49e12000 	C:\Windows\System32\win32u.dll
0x00007ffb4bf60000 - 0x00007ffb4bf8b000 	C:\Windows\System32\GDI32.dll
0x00007ffb49c40000 - 0x00007ffb49d57000 	C:\Windows\System32\gdi32full.dll
0x00007ffb19bb0000 - 0x00007ffb19e4a000 	C:\Windows\WinSxS\amd64_microsoft.windows.common-controls_6595b64144ccf1df_6.0.19041.4355_none_60b8b9eb71f62e16\COMCTL32.dll
0x00007ffb49f70000 - 0x00007ffb4a00d000 	C:\Windows\System32\msvcp_win.dll
0x00007ffb41cd0000 - 0x00007ffb41cda000 	C:\Windows\SYSTEM32\VERSION.dll
0x00007ffb4b2b0000 - 0x00007ffb4b2df000 	C:\Windows\System32\IMM32.DLL
0x00007ffb442b0000 - 0x00007ffb442bc000 	C:\Program Files\Java\jdk-17\bin\vcruntime140_1.dll
0x00007ffb23590000 - 0x00007ffb2361e000 	C:\Program Files\Java\jdk-17\bin\msvcp140.dll
0x00007ffb0fb00000 - 0x00007ffb106df000 	C:\Program Files\Java\jdk-17\bin\server\jvm.dll
0x00007ffb4ad00000 - 0x00007ffb4ad08000 	C:\Windows\System32\PSAPI.DLL
0x00007ffb3d790000 - 0x00007ffb3d7b7000 	C:\Windows\SYSTEM32\WINMM.dll
0x00007ffb442e0000 - 0x00007ffb442e9000 	C:\Windows\SYSTEM32\WSOCK32.dll
0x00007ffb4ad70000 - 0x00007ffb4addb000 	C:\Windows\System32\WS2_32.dll
0x00007ffb47ea0000 - 0x00007ffb47eb2000 	C:\Windows\SYSTEM32\kernel.appcore.dll
0x00007ffb442a0000 - 0x00007ffb442aa000 	C:\Program Files\Java\jdk-17\bin\jimage.dll
0x00007ffb47260000 - 0x00007ffb47444000 	C:\Windows\SYSTEM32\DBGHELP.DLL
0x00007ffb396e0000 - 0x00007ffb39714000 	C:\Windows\SYSTEM32\dbgcore.DLL
0x00007ffb49d60000 - 0x00007ffb49de2000 	C:\Windows\System32\bcryptPrimitives.dll
0x00007ffb43e20000 - 0x00007ffb43e45000 	C:\Program Files\Java\jdk-17\bin\java.dll
0x00007ffb233c0000 - 0x00007ffb23497000 	C:\Program Files\Java\jdk-17\bin\jsvml.dll
0x00007ffb4b790000 - 0x00007ffb4befc000 	C:\Windows\System32\SHELL32.dll
0x00007ffb476f0000 - 0x00007ffb47e8d000 	C:\Windows\SYSTEM32\windows.storage.dll
0x00007ffb4a8f0000 - 0x00007ffb4ac43000 	C:\Windows\System32\combase.dll
0x00007ffb48fe0000 - 0x00007ffb4900e000 	C:\Windows\SYSTEM32\Wldp.dll
0x00007ffb4b2e0000 - 0x00007ffb4b3ad000 	C:\Windows\System32\OLEAUT32.dll
0x00007ffb4b470000 - 0x00007ffb4b51d000 	C:\Windows\System32\SHCORE.dll
0x00007ffb4ad10000 - 0x00007ffb4ad65000 	C:\Windows\System32\shlwapi.dll
0x00007ffb495c0000 - 0x00007ffb495e4000 	C:\Windows\SYSTEM32\profapi.dll
0x00007ffb43860000 - 0x00007ffb43879000 	C:\Program Files\Java\jdk-17\bin\net.dll
0x00007ffb46260000 - 0x00007ffb4636a000 	C:\Windows\SYSTEM32\WINHTTP.dll
0x00007ffb48d40000 - 0x00007ffb48daa000 	C:\Windows\system32\mswsock.dll
0x00007ffb43620000 - 0x00007ffb43636000 	C:\Program Files\Java\jdk-17\bin\nio.dll
0x00007ffb41150000 - 0x00007ffb41168000 	C:\Program Files\Java\jdk-17\bin\zip.dll
0x00007ffb20650000 - 0x00007ffb207e1000 	C:\Program Files\Java\jdk-17\bin\awt.dll
0x00007ffb460a0000 - 0x00007ffb46130000 	C:\Windows\SYSTEM32\apphelp.dll
0x00007ffb46e40000 - 0x00007ffb46e6f000 	C:\Windows\system32\DWMAPI.DLL
0x00007ffb46c00000 - 0x00007ffb46c9e000 	C:\Windows\system32\uxtheme.dll
0x00007ffb242e0000 - 0x00007ffb24405000 	C:\Windows\system32\opengl32.dll
0x00007ffb329d0000 - 0x00007ffb329fc000 	C:\Windows\SYSTEM32\GLU32.dll
0x00007ffb4b580000 - 0x00007ffb4b694000 	C:\Windows\System32\MSCTF.dll
0x00007ffb4b180000 - 0x00007ffb4b2ab000 	C:\Windows\System32\ole32.dll
0x00007ffb322f0000 - 0x00007ffb3231e000 	C:\Program Files\Java\jdk-17\bin\javajpeg.dll
0x00007ffb1fe70000 - 0x00007ffb1fef7000 	C:\Program Files\Java\jdk-17\bin\freetype.dll
0x00007ffb16b50000 - 0x00007ffb16c23000 	C:\Program Files\Java\jdk-17\bin\fontmanager.dll
0x00007ffb4a010000 - 0x00007ffb4a0b9000 	C:\Windows\System32\clbcatq.dll
0x00007ffb46970000 - 0x00007ffb46b24000 	C:\Windows\SYSTEM32\WindowsCodecs.dll
0x00007ffb2a580000 - 0x00007ffb2a5be000 	C:\Windows\system32\dataexchange.dll
0x00007ffb44910000 - 0x00007ffb44b73000 	C:\Windows\system32\d3d11.dll
0x00007ffb45300000 - 0x00007ffb454e5000 	C:\Windows\system32\dcomp.dll
0x00007ffb47f10000 - 0x00007ffb48002000 	C:\Windows\system32\dxgi.dll
0x00007ffb424a0000 - 0x00007ffb426a3000 	C:\Windows\system32\twinapi.appcore.dll
0x00007ffb1a070000 - 0x00007ffb1a365000 	C:\Windows\System32\uiautomationcore.dll
0x00007ffb443b0000 - 0x00007ffb444a6000 	C:\Windows\System32\PROPSYS.dll
0x00007ffb48f30000 - 0x00007ffb48f3c000 	C:\Windows\SYSTEM32\CRYPTBASE.DLL
0x00007ffb22ab0000 - 0x00007ffb22b16000 	C:\Windows\System32\OLEACC.dll

dbghelp: loaded successfully - version: 4.0.5 - missing functions: none
symbol engine: initialized successfully - sym options: 0x614 - pdb path: .;C:\Program Files\Java\jdk-17\bin;C:\Windows\SYSTEM32;C:\Windows\WinSxS\amd64_microsoft.windows.common-controls_6595b64144ccf1df_6.0.19041.4355_none_60b8b9eb71f62e16;C:\Program Files\Java\jdk-17\bin\server

VM Arguments:
jvm_args: -Dfile.encoding=UTF-8 --module-path=E:\java_projects\bank management system\build\classes 
java_command: bank.management.system.Login
java_class_path (initial): C:\Users\dell\Downloads\jcalendar-tz-1.3.3-4.jar;C:\Users\dell\Downloads\mysql-connector-java-8.0.28.jar;E:\java_projects\bank management system\build\classes
Launcher Type: SUN_STANDARD

[Global flags]
     intx CICompilerCount                          = 3                                         {product} {ergonomic}
     uint ConcGCThreads                            = 1                                         {product} {ergonomic}
     uint G1ConcRefinementThreads                  = 4                                         {product} {ergonomic}
   size_t G1HeapRegionSize                         = 1048576                                   {product} {ergonomic}
    uintx GCDrainStackTargetSize                   = 64                                        {product} {ergonomic}
   size_t InitialHeapSize                          = 130023424                                 {product} {ergonomic}
   size_t MarkStackSize                            = 4194304                                   {product} {ergonomic}
   size_t MaxHeapSize                              = 2076180480                                {product} {ergonomic}
   size_t MaxNewSize                               = 1245708288                                {product} {ergonomic}
   size_t MinHeapDeltaBytes                        = 1048576                                   {product} {ergonomic}
   size_t MinHeapSize                              = 8388608                                   {product} {ergonomic}
    uintx NonNMethodCodeHeapSize                   = 5832780                                {pd product} {ergonomic}
    uintx NonProfiledCodeHeapSize                  = 122912730                              {pd product} {ergonomic}
    uintx ProfiledCodeHeapSize                     = 122912730                              {pd product} {ergonomic}
    uintx ReservedCodeCacheSize                    = 251658240                              {pd product} {ergonomic}
     bool SegmentedCodeCache                       = true                                      {product} {ergonomic}
   size_t SoftMaxHeapSize                          = 2076180480                             {manageable} {ergonomic}
     bool UseCompressedClassPointers               = true                           {product lp64_product} {ergonomic}
     bool UseCompressedOops                        = true                           {product lp64_product} {ergonomic}
     bool UseG1GC                                  = true                                      {product} {ergonomic}
     bool UseLargePagesIndividualAllocation        = false                                  {pd product} {ergonomic}

Logging:
Log output configuration:
 #0: stdout all=warning uptime,level,tags
 #1: stderr all=off uptime,level,tags

Environment Variables:
PATH=C:\Program Files\Common Files\Oracle\Java\javapath;C:\Python312\Scripts\;C:\Python312\;D:\oracle_19c\bin;C:\Windows\system32;C:\Windows;C:\Windows\System32\Wbem;C:\Windows\System32\WindowsPowerShell\v1.0\;C:\Windows\System32\OpenSSH\;C:\Program Files\Git\cmd;C:\Program Files\nodejs\;C:\ProgramData\chocolatey\bin;C:\Program Files\Java\jdk-17\bin;C:\Program Files\MySQL\MySQL Shell 8.0\bin\;C:\Users\dell\AppData\Local\Programs\Python\Python310\Scripts\;C:\Users\dell\AppData\Local\Programs\Python\Python310\;C:\Users\dell\AppData\Local\Microsoft\WindowsApps;C:\Users\dell\AppData\Local\Programs\Microsoft VS Code\bin;C:\flutter\flutter\bin;C:\Users\dell\AppData\Local\Programs\MiKTeX\miktex\bin\x64\;C:\intelFPGA_lite\19.1\modelsim_ase\win32aloem;C:\intelFPGA_lite\19.1\modelsim_ae\win32aloem;C:\Users\dell\AppData\Roaming\npm
USERNAME=dell
OS=Windows_NT
PROCESSOR_IDENTIFIER=Intel64 Family 6 Model 140 Stepping 1, GenuineIntel



---------------  S Y S T E M  ---------------

OS:
 Windows 10 , 64 bit Build 19041 (10.0.19041.3636)
OS uptime: 13 days 2:53 hours

CPU: total 4 (initial active 4) (2 cores per cpu, 2 threads per core) family 6 model 140 stepping 1 microcode 0xb4, cx8, cmov, fxsr, ht, mmx, 3dnowpref, sse, sse2, sse3, ssse3, sse4.1, sse4.2, popcnt, lzcnt, tsc, tscinvbit, avx, avx2, aes, erms, clmul, bmi1, bmi2, adx, avx512f, avx512dq, avx512cd, avx512bw, avx512vl, sha, fma, vzeroupper, avx512_vpopcntdq, avx512_vpclmulqdq, avx512_vaes, avx512_vnni, clflush, clflushopt, clwb, avx512_vbmi2, avx512_vbmi

Memory: 4k page, system-wide physical 7914M (1167M free)
TotalPageFile size 21874M (AvailPageFile size 4M)
current process WorkingSet (physical memory assigned to process): 64M, peak: 64M
current process commit charge ("private bytes"): 210M, peak: 210M

vm_info: Java HotSpot(TM) 64-Bit Server VM (17.0.10+11-LTS-240) for windows-amd64 JRE (17.0.10+11-LTS-240), built on Dec 19 2023 21:47:25 by "mach5one" with MS VC++ 17.1 (VS2022)

END.
