#
# There is insufficient memory for the Java Runtime Environment to continue.
# Native memory allocation (mmap) failed to map 65536 bytes for Failed to commit metaspace.
# Possible reasons:
#   The system is out of physical RAM or swap space
#   The process is running with CompressedOops enabled, and the Java Heap may be blocking the growth of the native heap
# Possible solutions:
#   Reduce memory load on the system
#   Increase physical memory or swap space
#   Check if swap backing store is full
#   Decrease Java heap size (-Xmx/-Xms)
#   Decrease number of Java threads
#   Decrease Java thread stack sizes (-Xss)
#   Set larger code cache with -XX:ReservedCodeCacheSize=
#   JVM is running with Unscaled Compressed Oops mode in which the Java heap is
#     placed in the first 4GB address space. The Java Heap base address is the
#     maximum limit for the native heap growth. Please use -XX:HeapBaseMinAddress
#     to set the Java Heap base and to place the Java Heap above 4GB virtual address.
# This output file may be truncated or incomplete.
#
#  Out of Memory Error (virtualSpaceNode.cpp:110), pid=17412, tid=17992
#
# JRE version: Java(TM) SE Runtime Environment (17.0.10+11) (build 17.0.10+11-LTS-240)
# Java VM: Java HotSpot(TM) 64-Bit Server VM (17.0.10+11-LTS-240, mixed mode, sharing, tiered, compressed oops, compressed class ptrs, g1 gc, windows-amd64)
# No core dump will be written. Minidumps are not enabled by default on client versions of Windows
#

---------------  S U M M A R Y ------------

Command Line: -Dfile.encoding=UTF-8 --module-path=E:\java_projects\bank management system\build\classes bank.management.system.SignupOne

Host: 11th Gen Intel(R) Core(TM) i3-1115G4 @ 3.00GHz, 4 cores, 7G,  Windows 10 , 64 bit Build 19041 (10.0.19041.3636)
Time: Sun Jun 30 14:57:10 2024 India Standard Time elapsed time: 0.117446 seconds (0d 0h 0m 0s)

---------------  T H R E A D  ---------------

Current thread (0x000002c1ebf52af0):  JavaThread "main" [_thread_in_vm, id=17992, stack(0x000000ccdbd00000,0x000000ccdbe00000)]

Stack: [0x000000ccdbd00000,0x000000ccdbe00000]
Native frames: (J=compiled Java code, j=interpreted, Vv=VM code, C=native code)
V  [jvm.dll+0x677a5a]
V  [jvm.dll+0x7d8b2d]
V  [jvm.dll+0x7da48e]
V  [jvm.dll+0x7daaf3]
V  [jvm.dll+0x2455ff]
V  [jvm.dll+0x7d483b]
V  [jvm.dll+0x61dc06]
V  [jvm.dll+0x61dc6a]
V  [jvm.dll+0x62049d]
V  [jvm.dll+0x61e5c6]
V  [jvm.dll+0x23b031]
V  [jvm.dll+0x1e9d67]
V  [jvm.dll+0x1dfa01]
V  [jvm.dll+0x53d58c]
V  [jvm.dll+0x1f031a]
V  [jvm.dll+0x75284d]
V  [jvm.dll+0x753c46]
V  [jvm.dll+0x753f78]
V  [jvm.dll+0x23d99b]
V  [jvm.dll+0x37d60e]
C  0x000002c18754b80d

Java frames: (J=compiled Java code, j=interpreted, Vv=VM code)
j  sun.java2d.windows.WindowsFlags.initJavaFlags()V+0 java.desktop@17.0.10
j  sun.java2d.windows.WindowsFlags.<clinit>()V+3 java.desktop@17.0.10
v  ~StubRoutines::call_stub
j  sun.awt.Win32GraphicsEnvironment.<clinit>()V+19 java.desktop@17.0.10
v  ~StubRoutines::call_stub
j  sun.awt.PlatformGraphicsInfo.createGE()Ljava/awt/GraphicsEnvironment;+0 java.desktop@17.0.10
j  java.awt.GraphicsEnvironment$LocalGE.createGE()Ljava/awt/GraphicsEnvironment;+0 java.desktop@17.0.10
j  java.awt.GraphicsEnvironment$LocalGE.<clinit>()V+0 java.desktop@17.0.10
v  ~StubRoutines::call_stub
j  java.awt.GraphicsEnvironment.getLocalGraphicsEnvironment()Ljava/awt/GraphicsEnvironment;+0 java.desktop@17.0.10
j  java.awt.Window.initGC(Ljava/awt/GraphicsConfiguration;)Ljava/awt/GraphicsConfiguration;+7 java.desktop@17.0.10
j  java.awt.Window.init(Ljava/awt/GraphicsConfiguration;)V+45 java.desktop@17.0.10
j  java.awt.Window.<init>()V+124 java.desktop@17.0.10
j  java.awt.Frame.<init>(Ljava/lang/String;)V+1 java.desktop@17.0.10
j  java.awt.Frame.<init>()V+3 java.desktop@17.0.10
j  javax.swing.JFrame.<init>()V+1 java.desktop@17.0.10
j  bank.management.system.SignupOne.<init>()V+1
j  bank.management.system.SignupOne.main([Ljava/lang/String;)V+4
v  ~StubRoutines::call_stub

---------------  P R O C E S S  ---------------

Threads class SMR info:
_java_thread_list=0x000002c1fa8b6850, length=12, elements={
0x000002c1ebf52af0, 0x000002c1fa616e30, 0x000002c1fa617700, 0x000002c1fa629f50,
0x000002c1fa62a820, 0x000002c1fa62d100, 0x000002c1fa62e170, 0x000002c1fa6331b0,
0x000002c1fa634260, 0x000002c1fa63f710, 0x000002c1fa839da0, 0x000002c1fa83a2b0
}

Java Threads: ( => current thread )
=>0x000002c1ebf52af0 JavaThread "main" [_thread_in_vm, id=17992, stack(0x000000ccdbd00000,0x000000ccdbe00000)]
  0x000002c1fa616e30 JavaThread "Reference Handler" daemon [_thread_blocked, id=13080, stack(0x000000ccdc400000,0x000000ccdc500000)]
  0x000002c1fa617700 JavaThread "Finalizer" daemon [_thread_blocked, id=18252, stack(0x000000ccdc500000,0x000000ccdc600000)]
  0x000002c1fa629f50 JavaThread "Signal Dispatcher" daemon [_thread_blocked, id=1744, stack(0x000000ccdc600000,0x000000ccdc700000)]
  0x000002c1fa62a820 JavaThread "Attach Listener" daemon [_thread_blocked, id=17896, stack(0x000000ccdc700000,0x000000ccdc800000)]
  0x000002c1fa62d100 JavaThread "Service Thread" daemon [_thread_blocked, id=16048, stack(0x000000ccdc800000,0x000000ccdc900000)]
  0x000002c1fa62e170 JavaThread "Monitor Deflation Thread" daemon [_thread_blocked, id=17268, stack(0x000000ccdc900000,0x000000ccdca00000)]
  0x000002c1fa6331b0 JavaThread "C2 CompilerThread0" daemon [_thread_blocked, id=17780, stack(0x000000ccdca00000,0x000000ccdcb00000)]
  0x000002c1fa634260 JavaThread "C1 CompilerThread0" daemon [_thread_blocked, id=856, stack(0x000000ccdcb00000,0x000000ccdcc00000)]
  0x000002c1fa63f710 JavaThread "Sweeper thread" daemon [_thread_blocked, id=16732, stack(0x000000ccdcc00000,0x000000ccdcd00000)]
  0x000002c1fa839da0 JavaThread "Common-Cleaner" daemon [_thread_blocked, id=15796, stack(0x000000ccdcd00000,0x000000ccdce00000)]
  0x000002c1fa83a2b0 JavaThread "Notification Thread" daemon [_thread_blocked, id=17856, stack(0x000000ccdce00000,0x000000ccdcf00000)]

Other Threads:
  0x000002c1fa610f00 VMThread "VM Thread" [stack: 0x000000ccdc300000,0x000000ccdc400000] [id=2580]
  0x000002c1ebfc5ad0 WatcherThread [stack: 0x000000ccdcf00000,0x000000ccdd000000] [id=18144]
  0x000002c1ebfac370 GCTaskThread "GC Thread#0" [stack: 0x000000ccdbe00000,0x000000ccdbf00000] [id=17584]
  0x000002c1ebfbe970 ConcurrentGCThread "G1 Main Marker" [stack: 0x000000ccdbf00000,0x000000ccdc000000] [id=16116]
  0x000002c1ebfbfa30 ConcurrentGCThread "G1 Conc#0" [stack: 0x000000ccdc000000,0x000000ccdc100000] [id=16484]
  0x000002c1ec0284a0 ConcurrentGCThread "G1 Refine#0" [stack: 0x000000ccdc100000,0x000000ccdc200000] [id=18292]
  0x000002c1ec028de0 ConcurrentGCThread "G1 Service" [stack: 0x000000ccdc200000,0x000000ccdc300000] [id=17536]

Threads with active compile tasks:

VM state: not at safepoint (normal execution)

VM Mutex/Monitor currently owned by a thread:  ([mutex/lock_event])
[0x000002c1ebf4c3a0] Metaspace_lock - owner thread: 0x000002c1ebf52af0

Heap address: 0x0000000084400000, size: 1980 MB, Compressed Oops mode: 32-bit

CDS archive(s) mapped at: [0x000002c18f000000-0x000002c18fbd0000-0x000002c18fbd0000), size 12386304, SharedBaseAddress: 0x000002c18f000000, ArchiveRelocationMode: 1.
Compressed class space mapped at: 0x000002c190000000-0x000002c1d0000000, reserved size: 1073741824
Narrow klass base: 0x000002c18f000000, Narrow klass shift: 0, Narrow klass range: 0x100000000

GC Precious Log:
 CPUs: 4 total, 4 available
 Memory: 7914M
 Large Page Support: Disabled
 NUMA Support: Disabled
 Compressed Oops: Enabled (32-bit)
 Heap Region Size: 1M
 Heap Min Capacity: 8M
 Heap Initial Capacity: 124M
 Heap Max Capacity: 1980M
 Pre-touch: Disabled
 Parallel Workers: 4
 Concurrent Workers: 1
 Concurrent Refinement Workers: 4
 Periodic GC: Disabled

Heap:
 garbage-first heap   total 126976K, used 2048K [0x0000000084400000, 0x0000000100000000)
  region size 1024K, 3 young (3072K), 0 survivors (0K)
 Metaspace       used 2298K, committed 2432K, reserved 1114112K
  class space    used 209K, committed 320K, reserved 1048576K

Heap Regions: E=young(eden), S=young(survivor), O=old, HS=humongous(starts), HC=humongous(continues), CS=collection set, F=free, OA=open archive, CA=closed archive, TAMS=top-at-mark-start (previous, next)
|   0|0x0000000084400000, 0x0000000084400000, 0x0000000084500000|  0%| F|  |TAMS 0x0000000084400000, 0x0000000084400000| Untracked 
|   1|0x0000000084500000, 0x0000000084500000, 0x0000000084600000|  0%| F|  |TAMS 0x0000000084500000, 0x0000000084500000| Untracked 
|   2|0x0000000084600000, 0x0000000084600000, 0x0000000084700000|  0%| F|  |TAMS 0x0000000084600000, 0x0000000084600000| Untracked 
|   3|0x0000000084700000, 0x0000000084700000, 0x0000000084800000|  0%| F|  |TAMS 0x0000000084700000, 0x0000000084700000| Untracked 
|   4|0x0000000084800000, 0x0000000084800000, 0x0000000084900000|  0%| F|  |TAMS 0x0000000084800000, 0x0000000084800000| Untracked 
|   5|0x0000000084900000, 0x0000000084900000, 0x0000000084a00000|  0%| F|  |TAMS 0x0000000084900000, 0x0000000084900000| Untracked 
|   6|0x0000000084a00000, 0x0000000084a00000, 0x0000000084b00000|  0%| F|  |TAMS 0x0000000084a00000, 0x0000000084a00000| Untracked 
|   7|0x0000000084b00000, 0x0000000084b00000, 0x0000000084c00000|  0%| F|  |TAMS 0x0000000084b00000, 0x0000000084b00000| Untracked 
|   8|0x0000000084c00000, 0x0000000084c00000, 0x0000000084d00000|  0%| F|  |TAMS 0x0000000084c00000, 0x0000000084c00000| Untracked 
|   9|0x0000000084d00000, 0x0000000084d00000, 0x0000000084e00000|  0%| F|  |TAMS 0x0000000084d00000, 0x0000000084d00000| Untracked 
|  10|0x0000000084e00000, 0x0000000084e00000, 0x0000000084f00000|  0%| F|  |TAMS 0x0000000084e00000, 0x0000000084e00000| Untracked 
|  11|0x0000000084f00000, 0x0000000084f00000, 0x0000000085000000|  0%| F|  |TAMS 0x0000000084f00000, 0x0000000084f00000| Untracked 
|  12|0x0000000085000000, 0x0000000085000000, 0x0000000085100000|  0%| F|  |TAMS 0x0000000085000000, 0x0000000085000000| Untracked 
|  13|0x0000000085100000, 0x0000000085100000, 0x0000000085200000|  0%| F|  |TAMS 0x0000000085100000, 0x0000000085100000| Untracked 
|  14|0x0000000085200000, 0x0000000085200000, 0x0000000085300000|  0%| F|  |TAMS 0x0000000085200000, 0x0000000085200000| Untracked 
|  15|0x0000000085300000, 0x0000000085300000, 0x0000000085400000|  0%| F|  |TAMS 0x0000000085300000, 0x0000000085300000| Untracked 
|  16|0x0000000085400000, 0x0000000085400000, 0x0000000085500000|  0%| F|  |TAMS 0x0000000085400000, 0x0000000085400000| Untracked 
|  17|0x0000000085500000, 0x0000000085500000, 0x0000000085600000|  0%| F|  |TAMS 0x0000000085500000, 0x0000000085500000| Untracked 
|  18|0x0000000085600000, 0x0000000085600000, 0x0000000085700000|  0%| F|  |TAMS 0x0000000085600000, 0x0000000085600000| Untracked 
|  19|0x0000000085700000, 0x0000000085700000, 0x0000000085800000|  0%| F|  |TAMS 0x0000000085700000, 0x0000000085700000| Untracked 
|  20|0x0000000085800000, 0x0000000085800000, 0x0000000085900000|  0%| F|  |TAMS 0x0000000085800000, 0x0000000085800000| Untracked 
|  21|0x0000000085900000, 0x0000000085900000, 0x0000000085a00000|  0%| F|  |TAMS 0x0000000085900000, 0x0000000085900000| Untracked 
|  22|0x0000000085a00000, 0x0000000085a00000, 0x0000000085b00000|  0%| F|  |TAMS 0x0000000085a00000, 0x0000000085a00000| Untracked 
|  23|0x0000000085b00000, 0x0000000085b00000, 0x0000000085c00000|  0%| F|  |TAMS 0x0000000085b00000, 0x0000000085b00000| Untracked 
|  24|0x0000000085c00000, 0x0000000085c00000, 0x0000000085d00000|  0%| F|  |TAMS 0x0000000085c00000, 0x0000000085c00000| Untracked 
|  25|0x0000000085d00000, 0x0000000085d00000, 0x0000000085e00000|  0%| F|  |TAMS 0x0000000085d00000, 0x0000000085d00000| Untracked 
|  26|0x0000000085e00000, 0x0000000085e00000, 0x0000000085f00000|  0%| F|  |TAMS 0x0000000085e00000, 0x0000000085e00000| Untracked 
|  27|0x0000000085f00000, 0x0000000085f00000, 0x0000000086000000|  0%| F|  |TAMS 0x0000000085f00000, 0x0000000085f00000| Untracked 
|  28|0x0000000086000000, 0x0000000086000000, 0x0000000086100000|  0%| F|  |TAMS 0x0000000086000000, 0x0000000086000000| Untracked 
|  29|0x0000000086100000, 0x0000000086100000, 0x0000000086200000|  0%| F|  |TAMS 0x0000000086100000, 0x0000000086100000| Untracked 
|  30|0x0000000086200000, 0x0000000086200000, 0x0000000086300000|  0%| F|  |TAMS 0x0000000086200000, 0x0000000086200000| Untracked 
|  31|0x0000000086300000, 0x0000000086300000, 0x0000000086400000|  0%| F|  |TAMS 0x0000000086300000, 0x0000000086300000| Untracked 
|  32|0x0000000086400000, 0x0000000086400000, 0x0000000086500000|  0%| F|  |TAMS 0x0000000086400000, 0x0000000086400000| Untracked 
|  33|0x0000000086500000, 0x0000000086500000, 0x0000000086600000|  0%| F|  |TAMS 0x0000000086500000, 0x0000000086500000| Untracked 
|  34|0x0000000086600000, 0x0000000086600000, 0x0000000086700000|  0%| F|  |TAMS 0x0000000086600000, 0x0000000086600000| Untracked 
|  35|0x0000000086700000, 0x0000000086700000, 0x0000000086800000|  0%| F|  |TAMS 0x0000000086700000, 0x0000000086700000| Untracked 
|  36|0x0000000086800000, 0x0000000086800000, 0x0000000086900000|  0%| F|  |TAMS 0x0000000086800000, 0x0000000086800000| Untracked 
|  37|0x0000000086900000, 0x0000000086900000, 0x0000000086a00000|  0%| F|  |TAMS 0x0000000086900000, 0x0000000086900000| Untracked 
|  38|0x0000000086a00000, 0x0000000086a00000, 0x0000000086b00000|  0%| F|  |TAMS 0x0000000086a00000, 0x0000000086a00000| Untracked 
|  39|0x0000000086b00000, 0x0000000086b00000, 0x0000000086c00000|  0%| F|  |TAMS 0x0000000086b00000, 0x0000000086b00000| Untracked 
|  40|0x0000000086c00000, 0x0000000086c00000, 0x0000000086d00000|  0%| F|  |TAMS 0x0000000086c00000, 0x0000000086c00000| Untracked 
|  41|0x0000000086d00000, 0x0000000086d00000, 0x0000000086e00000|  0%| F|  |TAMS 0x0000000086d00000, 0x0000000086d00000| Untracked 
|  42|0x0000000086e00000, 0x0000000086e00000, 0x0000000086f00000|  0%| F|  |TAMS 0x0000000086e00000, 0x0000000086e00000| Untracked 
|  43|0x0000000086f00000, 0x0000000086f00000, 0x0000000087000000|  0%| F|  |TAMS 0x0000000086f00000, 0x0000000086f00000| Untracked 
|  44|0x0000000087000000, 0x0000000087000000, 0x0000000087100000|  0%| F|  |TAMS 0x0000000087000000, 0x0000000087000000| Untracked 
|  45|0x0000000087100000, 0x0000000087100000, 0x0000000087200000|  0%| F|  |TAMS 0x0000000087100000, 0x0000000087100000| Untracked 
|  46|0x0000000087200000, 0x0000000087200000, 0x0000000087300000|  0%| F|  |TAMS 0x0000000087200000, 0x0000000087200000| Untracked 
|  47|0x0000000087300000, 0x0000000087300000, 0x0000000087400000|  0%| F|  |TAMS 0x0000000087300000, 0x0000000087300000| Untracked 
|  48|0x0000000087400000, 0x0000000087400000, 0x0000000087500000|  0%| F|  |TAMS 0x0000000087400000, 0x0000000087400000| Untracked 
|  49|0x0000000087500000, 0x0000000087500000, 0x0000000087600000|  0%| F|  |TAMS 0x0000000087500000, 0x0000000087500000| Untracked 
|  50|0x0000000087600000, 0x0000000087600000, 0x0000000087700000|  0%| F|  |TAMS 0x0000000087600000, 0x0000000087600000| Untracked 
|  51|0x0000000087700000, 0x0000000087700000, 0x0000000087800000|  0%| F|  |TAMS 0x0000000087700000, 0x0000000087700000| Untracked 
|  52|0x0000000087800000, 0x0000000087800000, 0x0000000087900000|  0%| F|  |TAMS 0x0000000087800000, 0x0000000087800000| Untracked 
|  53|0x0000000087900000, 0x0000000087900000, 0x0000000087a00000|  0%| F|  |TAMS 0x0000000087900000, 0x0000000087900000| Untracked 
|  54|0x0000000087a00000, 0x0000000087a00000, 0x0000000087b00000|  0%| F|  |TAMS 0x0000000087a00000, 0x0000000087a00000| Untracked 
|  55|0x0000000087b00000, 0x0000000087b00000, 0x0000000087c00000|  0%| F|  |TAMS 0x0000000087b00000, 0x0000000087b00000| Untracked 
|  56|0x0000000087c00000, 0x0000000087c00000, 0x0000000087d00000|  0%| F|  |TAMS 0x0000000087c00000, 0x0000000087c00000| Untracked 
|  57|0x0000000087d00000, 0x0000000087d00000, 0x0000000087e00000|  0%| F|  |TAMS 0x0000000087d00000, 0x0000000087d00000| Untracked 
|  58|0x0000000087e00000, 0x0000000087e00000, 0x0000000087f00000|  0%| F|  |TAMS 0x0000000087e00000, 0x0000000087e00000| Untracked 
|  59|0x0000000087f00000, 0x0000000087f00000, 0x0000000088000000|  0%| F|  |TAMS 0x0000000087f00000, 0x0000000087f00000| Untracked 
|  60|0x0000000088000000, 0x0000000088000000, 0x0000000088100000|  0%| F|  |TAMS 0x0000000088000000, 0x0000000088000000| Untracked 
|  61|0x0000000088100000, 0x0000000088100000, 0x0000000088200000|  0%| F|  |TAMS 0x0000000088100000, 0x0000000088100000| Untracked 
|  62|0x0000000088200000, 0x0000000088200000, 0x0000000088300000|  0%| F|  |TAMS 0x0000000088200000, 0x0000000088200000| Untracked 
|  63|0x0000000088300000, 0x0000000088300000, 0x0000000088400000|  0%| F|  |TAMS 0x0000000088300000, 0x0000000088300000| Untracked 
|  64|0x0000000088400000, 0x0000000088400000, 0x0000000088500000|  0%| F|  |TAMS 0x0000000088400000, 0x0000000088400000| Untracked 
|  65|0x0000000088500000, 0x0000000088500000, 0x0000000088600000|  0%| F|  |TAMS 0x0000000088500000, 0x0000000088500000| Untracked 
|  66|0x0000000088600000, 0x0000000088600000, 0x0000000088700000|  0%| F|  |TAMS 0x0000000088600000, 0x0000000088600000| Untracked 
|  67|0x0000000088700000, 0x0000000088700000, 0x0000000088800000|  0%| F|  |TAMS 0x0000000088700000, 0x0000000088700000| Untracked 
|  68|0x0000000088800000, 0x0000000088800000, 0x0000000088900000|  0%| F|  |TAMS 0x0000000088800000, 0x0000000088800000| Untracked 
|  69|0x0000000088900000, 0x0000000088900000, 0x0000000088a00000|  0%| F|  |TAMS 0x0000000088900000, 0x0000000088900000| Untracked 
|  70|0x0000000088a00000, 0x0000000088a00000, 0x0000000088b00000|  0%| F|  |TAMS 0x0000000088a00000, 0x0000000088a00000| Untracked 
|  71|0x0000000088b00000, 0x0000000088b00000, 0x0000000088c00000|  0%| F|  |TAMS 0x0000000088b00000, 0x0000000088b00000| Untracked 
|  72|0x0000000088c00000, 0x0000000088c00000, 0x0000000088d00000|  0%| F|  |TAMS 0x0000000088c00000, 0x0000000088c00000| Untracked 
|  73|0x0000000088d00000, 0x0000000088d00000, 0x0000000088e00000|  0%| F|  |TAMS 0x0000000088d00000, 0x0000000088d00000| Untracked 
|  74|0x0000000088e00000, 0x0000000088e00000, 0x0000000088f00000|  0%| F|  |TAMS 0x0000000088e00000, 0x0000000088e00000| Untracked 
|  75|0x0000000088f00000, 0x0000000088f00000, 0x0000000089000000|  0%| F|  |TAMS 0x0000000088f00000, 0x0000000088f00000| Untracked 
|  76|0x0000000089000000, 0x0000000089000000, 0x0000000089100000|  0%| F|  |TAMS 0x0000000089000000, 0x0000000089000000| Untracked 
|  77|0x0000000089100000, 0x0000000089100000, 0x0000000089200000|  0%| F|  |TAMS 0x0000000089100000, 0x0000000089100000| Untracked 
|  78|0x0000000089200000, 0x0000000089200000, 0x0000000089300000|  0%| F|  |TAMS 0x0000000089200000, 0x0000000089200000| Untracked 
|  79|0x0000000089300000, 0x0000000089300000, 0x0000000089400000|  0%| F|  |TAMS 0x0000000089300000, 0x0000000089300000| Untracked 
|  80|0x0000000089400000, 0x0000000089400000, 0x0000000089500000|  0%| F|  |TAMS 0x0000000089400000, 0x0000000089400000| Untracked 
|  81|0x0000000089500000, 0x0000000089500000, 0x0000000089600000|  0%| F|  |TAMS 0x0000000089500000, 0x0000000089500000| Untracked 
|  82|0x0000000089600000, 0x0000000089600000, 0x0000000089700000|  0%| F|  |TAMS 0x0000000089600000, 0x0000000089600000| Untracked 
|  83|0x0000000089700000, 0x0000000089700000, 0x0000000089800000|  0%| F|  |TAMS 0x0000000089700000, 0x0000000089700000| Untracked 
|  84|0x0000000089800000, 0x0000000089800000, 0x0000000089900000|  0%| F|  |TAMS 0x0000000089800000, 0x0000000089800000| Untracked 
|  85|0x0000000089900000, 0x0000000089900000, 0x0000000089a00000|  0%| F|  |TAMS 0x0000000089900000, 0x0000000089900000| Untracked 
|  86|0x0000000089a00000, 0x0000000089a00000, 0x0000000089b00000|  0%| F|  |TAMS 0x0000000089a00000, 0x0000000089a00000| Untracked 
|  87|0x0000000089b00000, 0x0000000089b00000, 0x0000000089c00000|  0%| F|  |TAMS 0x0000000089b00000, 0x0000000089b00000| Untracked 
|  88|0x0000000089c00000, 0x0000000089c00000, 0x0000000089d00000|  0%| F|  |TAMS 0x0000000089c00000, 0x0000000089c00000| Untracked 
|  89|0x0000000089d00000, 0x0000000089d00000, 0x0000000089e00000|  0%| F|  |TAMS 0x0000000089d00000, 0x0000000089d00000| Untracked 
|  90|0x0000000089e00000, 0x0000000089e00000, 0x0000000089f00000|  0%| F|  |TAMS 0x0000000089e00000, 0x0000000089e00000| Untracked 
|  91|0x0000000089f00000, 0x0000000089f00000, 0x000000008a000000|  0%| F|  |TAMS 0x0000000089f00000, 0x0000000089f00000| Untracked 
|  92|0x000000008a000000, 0x000000008a000000, 0x000000008a100000|  0%| F|  |TAMS 0x000000008a000000, 0x000000008a000000| Untracked 
|  93|0x000000008a100000, 0x000000008a100000, 0x000000008a200000|  0%| F|  |TAMS 0x000000008a100000, 0x000000008a100000| Untracked 
|  94|0x000000008a200000, 0x000000008a200000, 0x000000008a300000|  0%| F|  |TAMS 0x000000008a200000, 0x000000008a200000| Untracked 
|  95|0x000000008a300000, 0x000000008a300000, 0x000000008a400000|  0%| F|  |TAMS 0x000000008a300000, 0x000000008a300000| Untracked 
|  96|0x000000008a400000, 0x000000008a400000, 0x000000008a500000|  0%| F|  |TAMS 0x000000008a400000, 0x000000008a400000| Untracked 
|  97|0x000000008a500000, 0x000000008a500000, 0x000000008a600000|  0%| F|  |TAMS 0x000000008a500000, 0x000000008a500000| Untracked 
|  98|0x000000008a600000, 0x000000008a600000, 0x000000008a700000|  0%| F|  |TAMS 0x000000008a600000, 0x000000008a600000| Untracked 
|  99|0x000000008a700000, 0x000000008a700000, 0x000000008a800000|  0%| F|  |TAMS 0x000000008a700000, 0x000000008a700000| Untracked 
| 100|0x000000008a800000, 0x000000008a800000, 0x000000008a900000|  0%| F|  |TAMS 0x000000008a800000, 0x000000008a800000| Untracked 
| 101|0x000000008a900000, 0x000000008a900000, 0x000000008aa00000|  0%| F|  |TAMS 0x000000008a900000, 0x000000008a900000| Untracked 
| 102|0x000000008aa00000, 0x000000008aa00000, 0x000000008ab00000|  0%| F|  |TAMS 0x000000008aa00000, 0x000000008aa00000| Untracked 
| 103|0x000000008ab00000, 0x000000008ab00000, 0x000000008ac00000|  0%| F|  |TAMS 0x000000008ab00000, 0x000000008ab00000| Untracked 
| 104|0x000000008ac00000, 0x000000008ac00000, 0x000000008ad00000|  0%| F|  |TAMS 0x000000008ac00000, 0x000000008ac00000| Untracked 
| 105|0x000000008ad00000, 0x000000008ad00000, 0x000000008ae00000|  0%| F|  |TAMS 0x000000008ad00000, 0x000000008ad00000| Untracked 
| 106|0x000000008ae00000, 0x000000008ae00000, 0x000000008af00000|  0%| F|  |TAMS 0x000000008ae00000, 0x000000008ae00000| Untracked 
| 107|0x000000008af00000, 0x000000008af00000, 0x000000008b000000|  0%| F|  |TAMS 0x000000008af00000, 0x000000008af00000| Untracked 
| 108|0x000000008b000000, 0x000000008b000000, 0x000000008b100000|  0%| F|  |TAMS 0x000000008b000000, 0x000000008b000000| Untracked 
| 109|0x000000008b100000, 0x000000008b100000, 0x000000008b200000|  0%| F|  |TAMS 0x000000008b100000, 0x000000008b100000| Untracked 
| 110|0x000000008b200000, 0x000000008b200000, 0x000000008b300000|  0%| F|  |TAMS 0x000000008b200000, 0x000000008b200000| Untracked 
| 111|0x000000008b300000, 0x000000008b300000, 0x000000008b400000|  0%| F|  |TAMS 0x000000008b300000, 0x000000008b300000| Untracked 
| 112|0x000000008b400000, 0x000000008b400000, 0x000000008b500000|  0%| F|  |TAMS 0x000000008b400000, 0x000000008b400000| Untracked 
| 113|0x000000008b500000, 0x000000008b500000, 0x000000008b600000|  0%| F|  |TAMS 0x000000008b500000, 0x000000008b500000| Untracked 
| 114|0x000000008b600000, 0x000000008b600000, 0x000000008b700000|  0%| F|  |TAMS 0x000000008b600000, 0x000000008b600000| Untracked 
| 115|0x000000008b700000, 0x000000008b700000, 0x000000008b800000|  0%| F|  |TAMS 0x000000008b700000, 0x000000008b700000| Untracked 
| 116|0x000000008b800000, 0x000000008b800000, 0x000000008b900000|  0%| F|  |TAMS 0x000000008b800000, 0x000000008b800000| Untracked 
| 117|0x000000008b900000, 0x000000008b900000, 0x000000008ba00000|  0%| F|  |TAMS 0x000000008b900000, 0x000000008b900000| Untracked 
| 118|0x000000008ba00000, 0x000000008ba00000, 0x000000008bb00000|  0%| F|  |TAMS 0x000000008ba00000, 0x000000008ba00000| Untracked 
| 119|0x000000008bb00000, 0x000000008bb00000, 0x000000008bc00000|  0%| F|  |TAMS 0x000000008bb00000, 0x000000008bb00000| Untracked 
| 120|0x000000008bc00000, 0x000000008bc00000, 0x000000008bd00000|  0%| F|  |TAMS 0x000000008bc00000, 0x000000008bc00000| Untracked 
| 121|0x000000008bd00000, 0x000000008bdc8320, 0x000000008be00000| 78%| E|  |TAMS 0x000000008bd00000, 0x000000008bd00000| Complete 
| 122|0x000000008be00000, 0x000000008bf00000, 0x000000008bf00000|100%| E|CS|TAMS 0x000000008be00000, 0x000000008be00000| Complete 
| 123|0x000000008bf00000, 0x000000008c000000, 0x000000008c000000|100%| E|CS|TAMS 0x000000008bf00000, 0x000000008bf00000| Complete 

Card table byte_map: [0x000002c1f3bf0000,0x000002c1f3fd0000] _byte_map_base: 0x000002c1f37ce000

Marking Bits (Prev, Next): (CMBitMap*) 0x000002c1ebfae8c0, (CMBitMap*) 0x000002c1ebfae900
 Prev Bits: [0x000002c1f43b0000, 0x000002c1f62a0000)
 Next Bits: [0x000002c1f62a0000, 0x000002c1f8190000)

Polling page: 0x000002c1e9e50000

Metaspace:

Usage:
  Non-class:      2.04 MB used.
      Class:    209.34 KB used.
       Both:      2.24 MB used.

Virtual space:
  Non-class space:       64.00 MB reserved,       2.06 MB (  3%) committed,  1 nodes.
      Class space:        1.00 GB reserved,     320.00 KB ( <1%) committed,  1 nodes.
             Both:        1.06 GB reserved,       2.38 MB ( <1%) committed. 

Chunk freelists:
   Non-Class:  11.94 MB
       Class:  15.72 MB
        Both:  27.66 MB

MaxMetaspaceSize: unlimited
CompressedClassSpaceSize: 1.00 GB
Initial GC threshold: 21.00 MB
Current GC threshold: 21.00 MB
CDS: on
MetaspaceReclaimPolicy: balanced
 - commit_granule_bytes: 65536.
 - commit_granule_words: 8192.
 - virtual_space_node_default_size: 8388608.
 - enlarge_chunks_in_place: 1.
 - new_chunks_are_fully_committed: 0.
 - uncommit_free_chunks: 1.
 - use_allocation_guard: 0.
 - handle_deallocations: 1.


Internal statistics:

num_allocs_failed_limit: 0.
num_arena_births: 56.
num_arena_deaths: 0.
num_vsnodes_births: 2.
num_vsnodes_deaths: 0.
num_space_committed: 38.
num_space_uncommitted: 0.
num_chunks_returned_to_freelist: 0.
num_chunks_taken_from_freelist: 64.
num_chunk_merges: 0.
num_chunk_splits: 42.
num_chunks_enlarged: 20.
num_inconsistent_stats: 0.

CodeHeap 'non-profiled nmethods': size=120000Kb used=116Kb max_used=116Kb free=119883Kb
 bounds [0x000002c187ad0000, 0x000002c187d40000, 0x000002c18f000000]
CodeHeap 'profiled nmethods': size=120000Kb used=439Kb max_used=439Kb free=119560Kb
 bounds [0x000002c180000000, 0x000002c180270000, 0x000002c187530000]
CodeHeap 'non-nmethods': size=5760Kb used=1170Kb max_used=1170Kb free=4589Kb
 bounds [0x000002c187530000, 0x000002c1877a0000, 0x000002c187ad0000]
 total_blobs=796 nmethods=345 adapters=364
 compilation: enabled
              stopped_count=0, restarted_count=0
 full_count=0

Compilation events (20 events):
Event: 0.100 Thread 0x000002c1fa634260  323       3       java.lang.invoke.LambdaForm$BasicType::basicTypeSlots (8 bytes)
Event: 0.100 Thread 0x000002c1fa634260 nmethod 323 0x000002c180067610 code [0x000002c1800677a0, 0x000002c180067918]
Event: 0.100 Thread 0x000002c1fa634260  330       3       java.lang.invoke.MethodType::parameterSlotCount (8 bytes)
Event: 0.100 Thread 0x000002c1fa634260 nmethod 330 0x000002c180067a10 code [0x000002c180067ba0, 0x000002c180067cd8]
Event: 0.100 Thread 0x000002c1fa634260  331       3       jdk.internal.org.objectweb.asm.Frame::push (59 bytes)
Event: 0.100 Thread 0x000002c1fa634260 nmethod 331 0x000002c180067d90 code [0x000002c180067fc0, 0x000002c180068718]
Event: 0.100 Thread 0x000002c1fa634260  332       3       java.lang.invoke.InvokerBytecodeGenerator::emitImplicitConversion (161 bytes)
Event: 0.101 Thread 0x000002c1fa634260 nmethod 332 0x000002c180068a10 code [0x000002c180068d20, 0x000002c180069bb8]
Event: 0.101 Thread 0x000002c1fa634260  339       3       jdk.internal.org.objectweb.asm.SymbolTable::addType (81 bytes)
Event: 0.101 Thread 0x000002c1fa634260 nmethod 339 0x000002c18006a090 code [0x000002c18006a2a0, 0x000002c18006a7f8]
Event: 0.101 Thread 0x000002c1fa634260  335       3       java.lang.invoke.LambdaForm$Name::<init> (44 bytes)
Event: 0.101 Thread 0x000002c1fa634260 nmethod 335 0x000002c18006aa90 code [0x000002c18006aca0, 0x000002c18006b268]
Event: 0.101 Thread 0x000002c1fa634260  336       3       java.lang.invoke.LambdaForm$NamedFunction::returnType (11 bytes)
Event: 0.102 Thread 0x000002c1fa634260 nmethod 336 0x000002c18006b590 code [0x000002c18006b780, 0x000002c18006bbe8]
Event: 0.102 Thread 0x000002c1fa634260  342       3       java.lang.invoke.InvokerBytecodeGenerator::emitPushArgument (150 bytes)
Event: 0.102 Thread 0x000002c1fa634260 nmethod 342 0x000002c18006be10 code [0x000002c18006c0e0, 0x000002c18006cfc8]
Event: 0.102 Thread 0x000002c1fa634260  343       3       java.lang.invoke.InvokerBytecodeGenerator::emitLoadInsn (21 bytes)
Event: 0.102 Thread 0x000002c1fa634260 nmethod 343 0x000002c18006d390 code [0x000002c18006d540, 0x000002c18006d798]
Event: 0.102 Thread 0x000002c1fa634260  333       3       java.lang.reflect.Modifier::isProtected (12 bytes)
Event: 0.102 Thread 0x000002c1fa634260 nmethod 333 0x000002c18006d910 code [0x000002c18006daa0, 0x000002c18006dbf8]

GC Heap History (0 events):
No events

Deoptimization events (0 events):
No events

Classes unloaded (0 events):
No events

Classes redefined (0 events):
No events

Internal exceptions (7 events):
Event: 0.050 Thread 0x000002c1ebf52af0 Exception <a 'sun/nio/fs/WindowsException'{0x000000008be30280}> (0x000000008be30280) 
thrown [s\open\src\hotspot\share\prims\jni.cpp, line 516]
Event: 0.050 Thread 0x000002c1ebf52af0 Exception <a 'sun/nio/fs/WindowsException'{0x000000008be30760}> (0x000000008be30760) 
thrown [s\open\src\hotspot\share\prims\jni.cpp, line 516]
Event: 0.051 Thread 0x000002c1ebf52af0 Exception <a 'sun/nio/fs/WindowsException'{0x000000008be32858}> (0x000000008be32858) 
thrown [s\open\src\hotspot\share\prims\jni.cpp, line 516]
Event: 0.051 Thread 0x000002c1ebf52af0 Exception <a 'sun/nio/fs/WindowsException'{0x000000008be33230}> (0x000000008be33230) 
thrown [s\open\src\hotspot\share\prims\jni.cpp, line 516]
Event: 0.071 Thread 0x000002c1ebf52af0 Exception <a 'java/lang/ClassNotFoundException'{0x000000008bed1778}: sun/awt/resources/spi/awtProvider> (0x000000008bed1778) 
thrown [s\open\src\hotspot\share\classfile\systemDictionary.cpp, line 256]
Event: 0.086 Thread 0x000002c1ebf52af0 Exception <a 'java/io/FileNotFoundException'{0x000000008bd24108}> (0x000000008bd24108) 
thrown [s\open\src\hotspot\share\prims\jni.cpp, line 516]
Event: 0.091 Thread 0x000002c1ebf52af0 Exception <a 'java/io/FileNotFoundException'{0x000000008bd51278}> (0x000000008bd51278) 
thrown [s\open\src\hotspot\share\prims\jni.cpp, line 516]

VM Operations (2 events):
Event: 0.052 Executing VM operation: HandshakeAllThreads
Event: 0.052 Executing VM operation: HandshakeAllThreads done

Events (20 events):
Event: 0.109 loading class sun/awt/image/SurfaceManager done
Event: 0.109 loading class sun/awt/image/VolatileSurfaceManager
Event: 0.109 loading class sun/awt/image/VolatileSurfaceManager done
Event: 0.109 loading class sun/awt/windows/WDesktopPeer
Event: 0.109 loading class java/awt/peer/DesktopPeer
Event: 0.109 loading class java/awt/peer/DesktopPeer done
Event: 0.109 loading class sun/awt/windows/WDesktopPeer done
Event: 0.109 loading class javax/swing/event/EventListenerList
Event: 0.109 loading class javax/swing/event/EventListenerList done
Event: 0.109 loading class java/awt/desktop/UserSessionEvent$Reason
Event: 0.109 loading class java/awt/desktop/UserSessionEvent$Reason done
Event: 0.110 loading class jdk/internal/logger/SurrogateLogger
Event: 0.110 loading class jdk/internal/logger/SimpleConsoleLogger
Event: 0.110 loading class sun/util/logging/PlatformLogger$ConfigurableBridge$LoggerConfiguration
Event: 0.110 loading class sun/util/logging/PlatformLogger$ConfigurableBridge$LoggerConfiguration done
Event: 0.110 loading class jdk/internal/logger/SimpleConsoleLogger done
Event: 0.110 loading class jdk/internal/logger/SurrogateLogger done
Event: 0.110 loading class sun/java2d/windows/WindowsFlags
Event: 0.110 loading class sun/java2d/windows/WindowsFlags done
Event: 0.110 loading class sun/java2d/windows/WindowsFlags$1


Dynamic libraries:
0x00007ff776590000 - 0x00007ff7765a0000 	C:\Program Files\Java\jdk-17\bin\java.exe
0x00007ffbe2cd0000 - 0x00007ffbe2ec8000 	C:\Windows\SYSTEM32\ntdll.dll
0x00007ffbe13e0000 - 0x00007ffbe149d000 	C:\Windows\System32\KERNEL32.DLL
0x00007ffbe0880000 - 0x00007ffbe0b76000 	C:\Windows\System32\KERNELBASE.dll
0x00007ffbe05d0000 - 0x00007ffbe06d0000 	C:\Windows\System32\ucrtbase.dll
0x00007ffbd5e40000 - 0x00007ffbd5e5b000 	C:\Program Files\Java\jdk-17\bin\VCRUNTIME140.dll
0x00007ffbda9c0000 - 0x00007ffbda9d9000 	C:\Program Files\Java\jdk-17\bin\jli.dll
0x00007ffbe1cd0000 - 0x00007ffbe1d80000 	C:\Windows\System32\ADVAPI32.dll
0x00007ffbe29a0000 - 0x00007ffbe2a3e000 	C:\Windows\System32\msvcrt.dll
0x00007ffbe2bf0000 - 0x00007ffbe2c90000 	C:\Windows\System32\sechost.dll
0x00007ffbe2ac0000 - 0x00007ffbe2be3000 	C:\Windows\System32\RPCRT4.dll
0x00007ffbe0c90000 - 0x00007ffbe0cb7000 	C:\Windows\System32\bcrypt.dll
0x00007ffbe0f70000 - 0x00007ffbe110f000 	C:\Windows\System32\USER32.dll
0x00007ffbe0390000 - 0x00007ffbe03b2000 	C:\Windows\System32\win32u.dll
0x00007ffbe1b50000 - 0x00007ffbe1b7b000 	C:\Windows\System32\GDI32.dll
0x00007ffbd18c0000 - 0x00007ffbd1b5a000 	C:\Windows\WinSxS\amd64_microsoft.windows.common-controls_6595b64144ccf1df_6.0.19041.4355_none_60b8b9eb71f62e16\COMCTL32.dll
0x00007ffbe06d0000 - 0x00007ffbe07e7000 	C:\Windows\System32\gdi32full.dll
0x00007ffbe0b80000 - 0x00007ffbe0c1d000 	C:\Windows\System32\msvcp_win.dll
0x00007ffbd8f60000 - 0x00007ffbd8f6a000 	C:\Windows\SYSTEM32\VERSION.dll
0x00007ffbe1ca0000 - 0x00007ffbe1ccf000 	C:\Windows\System32\IMM32.DLL
0x00007ffbdadd0000 - 0x00007ffbdaddc000 	C:\Program Files\Java\jdk-17\bin\vcruntime140_1.dll
0x00007ffbd23d0000 - 0x00007ffbd245e000 	C:\Program Files\Java\jdk-17\bin\msvcp140.dll
0x00007ffb8adb0000 - 0x00007ffb8b98f000 	C:\Program Files\Java\jdk-17\bin\server\jvm.dll
0x00007ffbe24f0000 - 0x00007ffbe24f8000 	C:\Windows\System32\PSAPI.DLL
0x00007ffbd43a0000 - 0x00007ffbd43c7000 	C:\Windows\SYSTEM32\WINMM.dll
0x00007ffbb3b60000 - 0x00007ffbb3b69000 	C:\Windows\SYSTEM32\WSOCK32.dll
0x00007ffbe1b80000 - 0x00007ffbe1beb000 	C:\Windows\System32\ws2_32.DLL
0x00007ffbdeba0000 - 0x00007ffbdebb2000 	C:\Windows\SYSTEM32\kernel.appcore.dll
0x00007ffbda470000 - 0x00007ffbda47a000 	C:\Program Files\Java\jdk-17\bin\jimage.dll
0x00007ffbddf40000 - 0x00007ffbde124000 	C:\Windows\SYSTEM32\DBGHELP.DLL
0x00007ffbcdf40000 - 0x00007ffbcdf74000 	C:\Windows\SYSTEM32\dbgcore.DLL
0x00007ffbe07f0000 - 0x00007ffbe0872000 	C:\Windows\System32\bcryptPrimitives.dll
0x00007ffbd5d40000 - 0x00007ffbd5d65000 	C:\Program Files\Java\jdk-17\bin\java.dll
0x00007ffbd1e80000 - 0x00007ffbd1f57000 	C:\Program Files\Java\jdk-17\bin\jsvml.dll
0x00007ffbe1d80000 - 0x00007ffbe24ec000 	C:\Windows\System32\SHELL32.dll
0x00007ffbde3f0000 - 0x00007ffbdeb8d000 	C:\Windows\SYSTEM32\windows.storage.dll
0x00007ffbe2640000 - 0x00007ffbe2993000 	C:\Windows\System32\combase.dll
0x00007ffbdfce0000 - 0x00007ffbdfd0e000 	C:\Windows\SYSTEM32\Wldp.dll
0x00007ffbe0d10000 - 0x00007ffbe0ddd000 	C:\Windows\System32\OLEAUT32.dll
0x00007ffbe15c0000 - 0x00007ffbe166d000 	C:\Windows\System32\SHCORE.dll
0x00007ffbe2a60000 - 0x00007ffbe2ab5000 	C:\Windows\System32\shlwapi.dll
0x00007ffbe02c0000 - 0x00007ffbe02e4000 	C:\Windows\SYSTEM32\profapi.dll
0x00007ffbd5cf0000 - 0x00007ffbd5d09000 	C:\Program Files\Java\jdk-17\bin\net.dll
0x00007ffbdd0c0000 - 0x00007ffbdd1ca000 	C:\Windows\SYSTEM32\WINHTTP.dll
0x00007ffbdfa40000 - 0x00007ffbdfaaa000 	C:\Windows\system32\mswsock.dll
0x00007ffbd4280000 - 0x00007ffbd4296000 	C:\Program Files\Java\jdk-17\bin\nio.dll
0x00007ffb8d520000 - 0x00007ffb8d6b1000 	C:\Program Files\Java\jdk-17\bin\awt.dll
0x00007ffbdcf80000 - 0x00007ffbdd010000 	C:\Windows\SYSTEM32\apphelp.dll

dbghelp: loaded successfully - version: 4.0.5 - missing functions: none
symbol engine: initialized successfully - sym options: 0x614 - pdb path: .;C:\Program Files\Java\jdk-17\bin;C:\Windows\SYSTEM32;C:\Windows\WinSxS\amd64_microsoft.windows.common-controls_6595b64144ccf1df_6.0.19041.4355_none_60b8b9eb71f62e16;C:\Program Files\Java\jdk-17\bin\server

VM Arguments:
jvm_args: -Dfile.encoding=UTF-8 --module-path=E:\java_projects\bank management system\build\classes 
java_command: bank.management.system.SignupOne
java_class_path (initial): E:\java_projects\bank management system\build\classes
Launcher Type: SUN_STANDARD

[Global flags]
     intx CICompilerCount                          = 3                                         {product} {ergonomic}
     uint ConcGCThreads                            = 1                                         {product} {ergonomic}
     uint G1ConcRefinementThreads                  = 4                                         {product} {ergonomic}
   size_t G1HeapRegionSize                         = 1048576                                   {product} {ergonomic}
    uintx GCDrainStackTargetSize                   = 64                                        {product} {ergonomic}
   size_t InitialHeapSize                          = 130023424                                 {product} {ergonomic}
   size_t MarkStackSize                            = 4194304                                   {product} {ergonomic}
   size_t MaxHeapSize                              = 2076180480                                {product} {ergonomic}
   size_t MaxNewSize                               = 1245708288                                {product} {ergonomic}
   size_t MinHeapDeltaBytes                        = 1048576                                   {product} {ergonomic}
   size_t MinHeapSize                              = 8388608                                   {product} {ergonomic}
    uintx NonNMethodCodeHeapSize                   = 5832780                                {pd product} {ergonomic}
    uintx NonProfiledCodeHeapSize                  = 122912730                              {pd product} {ergonomic}
    uintx ProfiledCodeHeapSize                     = 122912730                              {pd product} {ergonomic}
    uintx ReservedCodeCacheSize                    = 251658240                              {pd product} {ergonomic}
     bool SegmentedCodeCache                       = true                                      {product} {ergonomic}
   size_t SoftMaxHeapSize                          = 2076180480                             {manageable} {ergonomic}
     bool UseCompressedClassPointers               = true                           {product lp64_product} {ergonomic}
     bool UseCompressedOops                        = true                           {product lp64_product} {ergonomic}
     bool UseG1GC                                  = true                                      {product} {ergonomic}
     bool UseLargePagesIndividualAllocation        = false                                  {pd product} {ergonomic}

Logging:
Log output configuration:
 #0: stdout all=warning uptime,level,tags
 #1: stderr all=off uptime,level,tags

Environment Variables:
PATH=C:\Program Files\Common Files\Oracle\Java\javapath;C:\Python312\Scripts\;C:\Python312\;D:\oracle_19c\bin;C:\Windows\system32;C:\Windows;C:\Windows\System32\Wbem;C:\Windows\System32\WindowsPowerShell\v1.0\;C:\Windows\System32\OpenSSH\;C:\Program Files\Git\cmd;C:\Program Files\nodejs\;C:\ProgramData\chocolatey\bin;C:\Program Files\Java\jdk-17\bin;C:\Program Files\MySQL\MySQL Shell 8.0\bin\;C:\Users\dell\AppData\Local\Programs\Python\Python310\Scripts\;C:\Users\dell\AppData\Local\Programs\Python\Python310\;C:\Users\dell\AppData\Local\Microsoft\WindowsApps;C:\Users\dell\AppData\Local\Programs\Microsoft VS Code\bin;C:\flutter\flutter\bin;C:\Users\dell\AppData\Local\Programs\MiKTeX\miktex\bin\x64\;C:\intelFPGA_lite\19.1\modelsim_ase\win32aloem;C:\intelFPGA_lite\19.1\modelsim_ae\win32aloem;C:\Users\dell\AppData\Roaming\npm
USERNAME=dell
OS=Windows_NT
PROCESSOR_IDENTIFIER=Intel64 Family 6 Model 140 Stepping 1, GenuineIntel



---------------  S Y S T E M  ---------------

OS:
 Windows 10 , 64 bit Build 19041 (10.0.19041.3636)
OS uptime: 12 days 16:31 hours

CPU: total 4 (initial active 4) (2 cores per cpu, 2 threads per core) family 6 model 140 stepping 1 microcode 0xb4, cx8, cmov, fxsr, ht, mmx, 3dnowpref, sse, sse2, sse3, ssse3, sse4.1, sse4.2, popcnt, lzcnt, tsc, tscinvbit, avx, avx2, aes, erms, clmul, bmi1, bmi2, adx, avx512f, avx512dq, avx512cd, avx512bw, avx512vl, sha, fma, vzeroupper, avx512_vpopcntdq, avx512_vpclmulqdq, avx512_vaes, avx512_vnni, clflush, clflushopt, clwb, avx512_vbmi2, avx512_vbmi

Memory: 4k page, system-wide physical 7914M (1157M free)
TotalPageFile size 20244M (AvailPageFile size 1M)
current process WorkingSet (physical memory assigned to process): 40M, peak: 40M
current process commit charge ("private bytes"): 201M, peak: 201M

vm_info: Java HotSpot(TM) 64-Bit Server VM (17.0.10+11-LTS-240) for windows-amd64 JRE (17.0.10+11-LTS-240), built on Dec 19 2023 21:47:25 by "mach5one" with MS VC++ 17.1 (VS2022)

END.
