#
# There is insufficient memory for the Java Runtime Environment to continue.
# Native memory allocation (mmap) failed to map 65536 bytes for Failed to commit metaspace.
# Possible reasons:
#   The system is out of physical RAM or swap space
#   The process is running with CompressedOops enabled, and the Java Heap may be blocking the growth of the native heap
# Possible solutions:
#   Reduce memory load on the system
#   Increase physical memory or swap space
#   Check if swap backing store is full
#   Decrease Java heap size (-Xmx/-Xms)
#   Decrease number of Java threads
#   Decrease Java thread stack sizes (-Xss)
#   Set larger code cache with -XX:ReservedCodeCacheSize=
#   JVM is running with Unscaled Compressed Oops mode in which the Java heap is
#     placed in the first 4GB address space. The Java Heap base address is the
#     maximum limit for the native heap growth. Please use -XX:HeapBaseMinAddress
#     to set the Java Heap base and to place the Java Heap above 4GB virtual address.
# This output file may be truncated or incomplete.
#
#  Out of Memory Error (virtualSpaceNode.cpp:110), pid=8596, tid=19676
#
# JRE version: Java(TM) SE Runtime Environment (17.0.10+11) (build 17.0.10+11-LTS-240)
# Java VM: Java HotSpot(TM) 64-Bit Server VM (17.0.10+11-LTS-240, mixed mode, sharing, tiered, compressed oops, compressed class ptrs, g1 gc, windows-amd64)
# No core dump will be written. Minidumps are not enabled by default on client versions of Windows
#

---------------  S U M M A R Y ------------

Command Line: -Dfile.encoding=UTF-8 --module-path=E:\java_projects\bank management system\build\classes bank.management.system.Login

Host: 11th Gen Intel(R) Core(TM) i3-1115G4 @ 3.00GHz, 4 cores, 7G,  Windows 10 , 64 bit Build 19041 (10.0.19041.3636)
Time: Thu Jul 18 14:38:45 2024 India Standard Time elapsed time: 0.371270 seconds (0d 0h 0m 0s)

---------------  T H R E A D  ---------------

Current thread (0x000001b8c38b1050):  JavaThread "main" [_thread_in_vm, id=19676, stack(0x0000001d0c400000,0x0000001d0c500000)]

Stack: [0x0000001d0c400000,0x0000001d0c500000]
Native frames: (J=compiled Java code, j=interpreted, Vv=VM code, C=native code)
V  [jvm.dll+0x677a5a]
V  [jvm.dll+0x7d8b2d]
V  [jvm.dll+0x7da48e]
V  [jvm.dll+0x7daaf3]
V  [jvm.dll+0x2455ff]
V  [jvm.dll+0x7d483b]
V  [jvm.dll+0x61dc06]
V  [jvm.dll+0x61dc6a]
V  [jvm.dll+0x62049d]
V  [jvm.dll+0x61e5c6]
V  [jvm.dll+0x23afe6]
V  [jvm.dll+0x1e9d67]
V  [jvm.dll+0x1dfa01]
V  [jvm.dll+0x53d58c]
V  [jvm.dll+0x7535bd]
V  [jvm.dll+0x75351a]
V  [jvm.dll+0x40c173]
V  [jvm.dll+0x41f60c]
C  [java.dll+0x1657]

Java frames: (J=compiled Java code, j=interpreted, Vv=VM code)
j  java.lang.ClassLoader.defineClass0(Ljava/lang/ClassLoader;Ljava/lang/Class;Ljava/lang/String;[BIILjava/security/ProtectionDomain;ZILjava/lang/Object;)Ljava/lang/Class;+0 java.base@17.0.10
j  java.lang.System$2.defineClass(Ljava/lang/ClassLoader;Ljava/lang/Class;Ljava/lang/String;[BLjava/security/ProtectionDomain;ZILjava/lang/Object;)Ljava/lang/Class;+17 java.base@17.0.10
j  java.lang.invoke.MethodHandles$Lookup$ClassDefiner.defineClass(ZLjava/lang/Object;)Ljava/lang/Class;+54 java.base@17.0.10
j  java.lang.invoke.MethodHandles$Lookup$ClassDefiner.defineClassAsLookup(Z)Ljava/lang/invoke/MethodHandles$Lookup;+3 java.base@17.0.10
j  java.lang.invoke.MethodHandles$Lookup.defineHiddenClass([BZ[Ljava/lang/invoke/MethodHandles$Lookup$ClassOption;)Ljava/lang/invoke/MethodHandles$Lookup;+65 java.base@17.0.10
j  java.lang.invoke.InnerClassLambdaMetafactory.generateInnerClass()Ljava/lang/Class;+580 java.base@17.0.10
j  java.lang.invoke.InnerClassLambdaMetafactory.spinInnerClass()Ljava/lang/Class;+114 java.base@17.0.10
j  java.lang.invoke.InnerClassLambdaMetafactory.buildCallSite()Ljava/lang/invoke/CallSite;+1 java.base@17.0.10
j  java.lang.invoke.LambdaMetafactory.metafactory(Ljava/lang/invoke/MethodHandles$Lookup;Ljava/lang/String;Ljava/lang/invoke/MethodType;Ljava/lang/invoke/MethodType;Ljava/lang/invoke/MethodHandle;Ljava/lang/invoke/MethodType;)Ljava/lang/invoke/CallSite;+67 java.base@17.0.10
j  java.lang.invoke.DirectMethodHandle$Holder.invokeStatic(Ljava/lang/Object;Ljava/lang/Object;Ljava/lang/Object;Ljava/lang/Object;Ljava/lang/Object;Ljava/lang/Object;Ljava/lang/Object;)Ljava/lang/Object;+20 java.base@17.0.10
j  java.lang.invoke.Invokers$Holder.invokeExact_MT(Ljava/lang/Object;Ljava/lang/Object;Ljava/lang/Object;Ljava/lang/Object;Ljava/lang/Object;Ljava/lang/Object;Ljava/lang/Object;Ljava/lang/Object;)Ljava/lang/Object;+28 java.base@17.0.10
j  java.lang.invoke.BootstrapMethodInvoker.invoke(Ljava/lang/Class;Ljava/lang/invoke/MethodHandle;Ljava/lang/String;Ljava/lang/Object;Ljava/lang/Object;Ljava/lang/Class;)Ljava/lang/Object;+319 java.base@17.0.10
j  java.lang.invoke.CallSite.makeSite(Ljava/lang/invoke/MethodHandle;Ljava/lang/String;Ljava/lang/invoke/MethodType;Ljava/lang/Object;Ljava/lang/Class;)Ljava/lang/invoke/CallSite;+8 java.base@17.0.10
j  java.lang.invoke.MethodHandleNatives.linkCallSiteImpl(Ljava/lang/Class;Ljava/lang/invoke/MethodHandle;Ljava/lang/String;Ljava/lang/invoke/MethodType;Ljava/lang/Object;[Ljava/lang/Object;)Ljava/lang/invoke/MemberName;+6 java.base@17.0.10
j  java.lang.invoke.MethodHandleNatives.linkCallSite(Ljava/lang/Object;ILjava/lang/Object;Ljava/lang/Object;Ljava/lang/Object;Ljava/lang/Object;[Ljava/lang/Object;)Ljava/lang/invoke/MemberName;+46 java.base@17.0.10
v  ~StubRoutines::call_stub
j  javax.swing.plaf.basic.BasicLookAndFeel.initComponentDefaults(Ljavax/swing/UIDefaults;)V+26 java.desktop@17.0.10
j  javax.swing.plaf.metal.MetalLookAndFeel.initComponentDefaults(Ljavax/swing/UIDefaults;)V+2 java.desktop@17.0.10
j  javax.swing.plaf.basic.BasicLookAndFeel.getDefaults()Ljavax/swing/UIDefaults;+25 java.desktop@17.0.10
j  javax.swing.plaf.metal.MetalLookAndFeel.getDefaults()Ljavax/swing/UIDefaults;+9 java.desktop@17.0.10
j  javax.swing.UIManager.setLookAndFeel(Ljavax/swing/LookAndFeel;)V+66 java.desktop@17.0.10
j  javax.swing.UIManager.setLookAndFeel(Ljava/lang/String;)V+16 java.desktop@17.0.10
j  javax.swing.UIManager.initializeDefaultLAF(Ljava/util/Properties;)V+58 java.desktop@17.0.10
j  javax.swing.UIManager.initialize()V+9 java.desktop@17.0.10
j  javax.swing.UIManager.maybeInitialize()V+22 java.desktop@17.0.10
j  javax.swing.UIManager.getUI(Ljavax/swing/JComponent;)Ljavax/swing/plaf/ComponentUI;+0 java.desktop@17.0.10
j  javax.swing.JPanel.updateUI()V+2 java.desktop@17.0.10
j  javax.swing.JPanel.<init>(Ljava/awt/LayoutManager;Z)V+24 java.desktop@17.0.10
j  javax.swing.JPanel.<init>(Z)V+9 java.desktop@17.0.10
j  javax.swing.JPanel.<init>()V+2 java.desktop@17.0.10
j  javax.swing.JRootPane.createGlassPane()Ljava/awt/Component;+4 java.desktop@17.0.10
j  javax.swing.JRootPane.<init>()V+11 java.desktop@17.0.10
j  javax.swing.JFrame.createRootPane()Ljavax/swing/JRootPane;+4 java.desktop@17.0.10
j  javax.swing.JFrame.frameInit()V+16 java.desktop@17.0.10
j  javax.swing.JFrame.<init>()V+20 java.desktop@17.0.10
j  bank.management.system.Login.<init>()V+1
j  bank.management.system.Login.main([Ljava/lang/String;)V+4
v  ~StubRoutines::call_stub

---------------  P R O C E S S  ---------------

Threads class SMR info:
_java_thread_list=0x000001b8e1407ae0, length=15, elements={
0x000001b8c38b1050, 0x000001b8e0f77df0, 0x000001b8e0f7a8c0, 0x000001b8e0f8a500,
0x000001b8e0f8aec0, 0x000001b8e0f8d890, 0x000001b8e0f8e250, 0x000001b8e0f8f350,
0x000001b8e0fa0f50, 0x000001b8e0fb5960, 0x000001b8e0f60460, 0x000001b8e120f670,
0x000001b8e142bec0, 0x000001b8e142cdf0, 0x000001b8e142b4a0
}

Java Threads: ( => current thread )
=>0x000001b8c38b1050 JavaThread "main" [_thread_in_vm, id=19676, stack(0x0000001d0c400000,0x0000001d0c500000)]
  0x000001b8e0f77df0 JavaThread "Reference Handler" daemon [_thread_blocked, id=19316, stack(0x0000001d0cb00000,0x0000001d0cc00000)]
  0x000001b8e0f7a8c0 JavaThread "Finalizer" daemon [_thread_blocked, id=21040, stack(0x0000001d0cc00000,0x0000001d0cd00000)]
  0x000001b8e0f8a500 JavaThread "Signal Dispatcher" daemon [_thread_blocked, id=20496, stack(0x0000001d0cd00000,0x0000001d0ce00000)]
  0x000001b8e0f8aec0 JavaThread "Attach Listener" daemon [_thread_blocked, id=15236, stack(0x0000001d0ce00000,0x0000001d0cf00000)]
  0x000001b8e0f8d890 JavaThread "Service Thread" daemon [_thread_blocked, id=12896, stack(0x0000001d0cf00000,0x0000001d0d000000)]
  0x000001b8e0f8e250 JavaThread "Monitor Deflation Thread" daemon [_thread_blocked, id=21348, stack(0x0000001d0d000000,0x0000001d0d100000)]
  0x000001b8e0f8f350 JavaThread "C2 CompilerThread0" daemon [_thread_blocked, id=13044, stack(0x0000001d0d100000,0x0000001d0d200000)]
  0x000001b8e0fa0f50 JavaThread "C1 CompilerThread0" daemon [_thread_blocked, id=21404, stack(0x0000001d0d200000,0x0000001d0d300000)]
  0x000001b8e0fb5960 JavaThread "Sweeper thread" daemon [_thread_blocked, id=18740, stack(0x0000001d0d300000,0x0000001d0d400000)]
  0x000001b8e0f60460 JavaThread "Common-Cleaner" daemon [_thread_blocked, id=9244, stack(0x0000001d0d400000,0x0000001d0d500000)]
  0x000001b8e120f670 JavaThread "Notification Thread" daemon [_thread_blocked, id=20528, stack(0x0000001d0d500000,0x0000001d0d600000)]
  0x000001b8e142bec0 JavaThread "Java2D Disposer" daemon [_thread_blocked, id=21484, stack(0x0000001d0d700000,0x0000001d0d800000)]
  0x000001b8e142cdf0 JavaThread "AWT-Shutdown" [_thread_blocked, id=15720, stack(0x0000001d0d800000,0x0000001d0d900000)]
  0x000001b8e142b4a0 JavaThread "AWT-Windows" daemon [_thread_in_native, id=19568, stack(0x0000001d0d900000,0x0000001d0da00000)]

Other Threads:
  0x000001b8e0f70920 VMThread "VM Thread" [stack: 0x0000001d0ca00000,0x0000001d0cb00000] [id=20940]
  0x000001b8c392f4e0 WatcherThread [stack: 0x0000001d0d600000,0x0000001d0d700000] [id=19160]
  0x000001b8c390a680 GCTaskThread "GC Thread#0" [stack: 0x0000001d0c500000,0x0000001d0c600000] [id=21176]
  0x000001b8c391ad50 ConcurrentGCThread "G1 Main Marker" [stack: 0x0000001d0c600000,0x0000001d0c700000] [id=19156]
  0x000001b8c391cf10 ConcurrentGCThread "G1 Conc#0" [stack: 0x0000001d0c700000,0x0000001d0c800000] [id=18452]
  0x000001b8c3988680 ConcurrentGCThread "G1 Refine#0" [stack: 0x0000001d0c800000,0x0000001d0c900000] [id=21456]
  0x000001b8c39890b0 ConcurrentGCThread "G1 Service" [stack: 0x0000001d0c900000,0x0000001d0ca00000] [id=20300]

Threads with active compile tasks:

VM state: not at safepoint (normal execution)

VM Mutex/Monitor currently owned by a thread:  ([mutex/lock_event])
[0x000001b8c38aa630] Metaspace_lock - owner thread: 0x000001b8c38b1050

Heap address: 0x0000000084400000, size: 1980 MB, Compressed Oops mode: 32-bit

CDS archive(s) mapped at: [0x000001b880000000-0x000001b880bd0000-0x000001b880bd0000), size 12386304, SharedBaseAddress: 0x000001b880000000, ArchiveRelocationMode: 1.
Compressed class space mapped at: 0x000001b881000000-0x000001b8c1000000, reserved size: 1073741824
Narrow klass base: 0x000001b880000000, Narrow klass shift: 0, Narrow klass range: 0x100000000

GC Precious Log:
 CPUs: 4 total, 4 available
 Memory: 7914M
 Large Page Support: Disabled
 NUMA Support: Disabled
 Compressed Oops: Enabled (32-bit)
 Heap Region Size: 1M
 Heap Min Capacity: 8M
 Heap Initial Capacity: 124M
 Heap Max Capacity: 1980M
 Pre-touch: Disabled
 Parallel Workers: 4
 Concurrent Workers: 1
 Concurrent Refinement Workers: 4
 Periodic GC: Disabled

Heap:
 garbage-first heap   total 126976K, used 3072K [0x0000000084400000, 0x0000000100000000)
  region size 1024K, 4 young (4096K), 0 survivors (0K)
 Metaspace       used 3610K, committed 3776K, reserved 1114112K
  class space    used 349K, committed 448K, reserved 1048576K

Heap Regions: E=young(eden), S=young(survivor), O=old, HS=humongous(starts), HC=humongous(continues), CS=collection set, F=free, OA=open archive, CA=closed archive, TAMS=top-at-mark-start (previous, next)
|   0|0x0000000084400000, 0x0000000084400000, 0x0000000084500000|  0%| F|  |TAMS 0x0000000084400000, 0x0000000084400000| Untracked 
|   1|0x0000000084500000, 0x0000000084500000, 0x0000000084600000|  0%| F|  |TAMS 0x0000000084500000, 0x0000000084500000| Untracked 
|   2|0x0000000084600000, 0x0000000084600000, 0x0000000084700000|  0%| F|  |TAMS 0x0000000084600000, 0x0000000084600000| Untracked 
|   3|0x0000000084700000, 0x0000000084700000, 0x0000000084800000|  0%| F|  |TAMS 0x0000000084700000, 0x0000000084700000| Untracked 
|   4|0x0000000084800000, 0x0000000084800000, 0x0000000084900000|  0%| F|  |TAMS 0x0000000084800000, 0x0000000084800000| Untracked 
|   5|0x0000000084900000, 0x0000000084900000, 0x0000000084a00000|  0%| F|  |TAMS 0x0000000084900000, 0x0000000084900000| Untracked 
|   6|0x0000000084a00000, 0x0000000084a00000, 0x0000000084b00000|  0%| F|  |TAMS 0x0000000084a00000, 0x0000000084a00000| Untracked 
|   7|0x0000000084b00000, 0x0000000084b00000, 0x0000000084c00000|  0%| F|  |TAMS 0x0000000084b00000, 0x0000000084b00000| Untracked 
|   8|0x0000000084c00000, 0x0000000084c00000, 0x0000000084d00000|  0%| F|  |TAMS 0x0000000084c00000, 0x0000000084c00000| Untracked 
|   9|0x0000000084d00000, 0x0000000084d00000, 0x0000000084e00000|  0%| F|  |TAMS 0x0000000084d00000, 0x0000000084d00000| Untracked 
|  10|0x0000000084e00000, 0x0000000084e00000, 0x0000000084f00000|  0%| F|  |TAMS 0x0000000084e00000, 0x0000000084e00000| Untracked 
|  11|0x0000000084f00000, 0x0000000084f00000, 0x0000000085000000|  0%| F|  |TAMS 0x0000000084f00000, 0x0000000084f00000| Untracked 
|  12|0x0000000085000000, 0x0000000085000000, 0x0000000085100000|  0%| F|  |TAMS 0x0000000085000000, 0x0000000085000000| Untracked 
|  13|0x0000000085100000, 0x0000000085100000, 0x0000000085200000|  0%| F|  |TAMS 0x0000000085100000, 0x0000000085100000| Untracked 
|  14|0x0000000085200000, 0x0000000085200000, 0x0000000085300000|  0%| F|  |TAMS 0x0000000085200000, 0x0000000085200000| Untracked 
|  15|0x0000000085300000, 0x0000000085300000, 0x0000000085400000|  0%| F|  |TAMS 0x0000000085300000, 0x0000000085300000| Untracked 
|  16|0x0000000085400000, 0x0000000085400000, 0x0000000085500000|  0%| F|  |TAMS 0x0000000085400000, 0x0000000085400000| Untracked 
|  17|0x0000000085500000, 0x0000000085500000, 0x0000000085600000|  0%| F|  |TAMS 0x0000000085500000, 0x0000000085500000| Untracked 
|  18|0x0000000085600000, 0x0000000085600000, 0x0000000085700000|  0%| F|  |TAMS 0x0000000085600000, 0x0000000085600000| Untracked 
|  19|0x0000000085700000, 0x0000000085700000, 0x0000000085800000|  0%| F|  |TAMS 0x0000000085700000, 0x0000000085700000| Untracked 
|  20|0x0000000085800000, 0x0000000085800000, 0x0000000085900000|  0%| F|  |TAMS 0x0000000085800000, 0x0000000085800000| Untracked 
|  21|0x0000000085900000, 0x0000000085900000, 0x0000000085a00000|  0%| F|  |TAMS 0x0000000085900000, 0x0000000085900000| Untracked 
|  22|0x0000000085a00000, 0x0000000085a00000, 0x0000000085b00000|  0%| F|  |TAMS 0x0000000085a00000, 0x0000000085a00000| Untracked 
|  23|0x0000000085b00000, 0x0000000085b00000, 0x0000000085c00000|  0%| F|  |TAMS 0x0000000085b00000, 0x0000000085b00000| Untracked 
|  24|0x0000000085c00000, 0x0000000085c00000, 0x0000000085d00000|  0%| F|  |TAMS 0x0000000085c00000, 0x0000000085c00000| Untracked 
|  25|0x0000000085d00000, 0x0000000085d00000, 0x0000000085e00000|  0%| F|  |TAMS 0x0000000085d00000, 0x0000000085d00000| Untracked 
|  26|0x0000000085e00000, 0x0000000085e00000, 0x0000000085f00000|  0%| F|  |TAMS 0x0000000085e00000, 0x0000000085e00000| Untracked 
|  27|0x0000000085f00000, 0x0000000085f00000, 0x0000000086000000|  0%| F|  |TAMS 0x0000000085f00000, 0x0000000085f00000| Untracked 
|  28|0x0000000086000000, 0x0000000086000000, 0x0000000086100000|  0%| F|  |TAMS 0x0000000086000000, 0x0000000086000000| Untracked 
|  29|0x0000000086100000, 0x0000000086100000, 0x0000000086200000|  0%| F|  |TAMS 0x0000000086100000, 0x0000000086100000| Untracked 
|  30|0x0000000086200000, 0x0000000086200000, 0x0000000086300000|  0%| F|  |TAMS 0x0000000086200000, 0x0000000086200000| Untracked 
|  31|0x0000000086300000, 0x0000000086300000, 0x0000000086400000|  0%| F|  |TAMS 0x0000000086300000, 0x0000000086300000| Untracked 
|  32|0x0000000086400000, 0x0000000086400000, 0x0000000086500000|  0%| F|  |TAMS 0x0000000086400000, 0x0000000086400000| Untracked 
|  33|0x0000000086500000, 0x0000000086500000, 0x0000000086600000|  0%| F|  |TAMS 0x0000000086500000, 0x0000000086500000| Untracked 
|  34|0x0000000086600000, 0x0000000086600000, 0x0000000086700000|  0%| F|  |TAMS 0x0000000086600000, 0x0000000086600000| Untracked 
|  35|0x0000000086700000, 0x0000000086700000, 0x0000000086800000|  0%| F|  |TAMS 0x0000000086700000, 0x0000000086700000| Untracked 
|  36|0x0000000086800000, 0x0000000086800000, 0x0000000086900000|  0%| F|  |TAMS 0x0000000086800000, 0x0000000086800000| Untracked 
|  37|0x0000000086900000, 0x0000000086900000, 0x0000000086a00000|  0%| F|  |TAMS 0x0000000086900000, 0x0000000086900000| Untracked 
|  38|0x0000000086a00000, 0x0000000086a00000, 0x0000000086b00000|  0%| F|  |TAMS 0x0000000086a00000, 0x0000000086a00000| Untracked 
|  39|0x0000000086b00000, 0x0000000086b00000, 0x0000000086c00000|  0%| F|  |TAMS 0x0000000086b00000, 0x0000000086b00000| Untracked 
|  40|0x0000000086c00000, 0x0000000086c00000, 0x0000000086d00000|  0%| F|  |TAMS 0x0000000086c00000, 0x0000000086c00000| Untracked 
|  41|0x0000000086d00000, 0x0000000086d00000, 0x0000000086e00000|  0%| F|  |TAMS 0x0000000086d00000, 0x0000000086d00000| Untracked 
|  42|0x0000000086e00000, 0x0000000086e00000, 0x0000000086f00000|  0%| F|  |TAMS 0x0000000086e00000, 0x0000000086e00000| Untracked 
|  43|0x0000000086f00000, 0x0000000086f00000, 0x0000000087000000|  0%| F|  |TAMS 0x0000000086f00000, 0x0000000086f00000| Untracked 
|  44|0x0000000087000000, 0x0000000087000000, 0x0000000087100000|  0%| F|  |TAMS 0x0000000087000000, 0x0000000087000000| Untracked 
|  45|0x0000000087100000, 0x0000000087100000, 0x0000000087200000|  0%| F|  |TAMS 0x0000000087100000, 0x0000000087100000| Untracked 
|  46|0x0000000087200000, 0x0000000087200000, 0x0000000087300000|  0%| F|  |TAMS 0x0000000087200000, 0x0000000087200000| Untracked 
|  47|0x0000000087300000, 0x0000000087300000, 0x0000000087400000|  0%| F|  |TAMS 0x0000000087300000, 0x0000000087300000| Untracked 
|  48|0x0000000087400000, 0x0000000087400000, 0x0000000087500000|  0%| F|  |TAMS 0x0000000087400000, 0x0000000087400000| Untracked 
|  49|0x0000000087500000, 0x0000000087500000, 0x0000000087600000|  0%| F|  |TAMS 0x0000000087500000, 0x0000000087500000| Untracked 
|  50|0x0000000087600000, 0x0000000087600000, 0x0000000087700000|  0%| F|  |TAMS 0x0000000087600000, 0x0000000087600000| Untracked 
|  51|0x0000000087700000, 0x0000000087700000, 0x0000000087800000|  0%| F|  |TAMS 0x0000000087700000, 0x0000000087700000| Untracked 
|  52|0x0000000087800000, 0x0000000087800000, 0x0000000087900000|  0%| F|  |TAMS 0x0000000087800000, 0x0000000087800000| Untracked 
|  53|0x0000000087900000, 0x0000000087900000, 0x0000000087a00000|  0%| F|  |TAMS 0x0000000087900000, 0x0000000087900000| Untracked 
|  54|0x0000000087a00000, 0x0000000087a00000, 0x0000000087b00000|  0%| F|  |TAMS 0x0000000087a00000, 0x0000000087a00000| Untracked 
|  55|0x0000000087b00000, 0x0000000087b00000, 0x0000000087c00000|  0%| F|  |TAMS 0x0000000087b00000, 0x0000000087b00000| Untracked 
|  56|0x0000000087c00000, 0x0000000087c00000, 0x0000000087d00000|  0%| F|  |TAMS 0x0000000087c00000, 0x0000000087c00000| Untracked 
|  57|0x0000000087d00000, 0x0000000087d00000, 0x0000000087e00000|  0%| F|  |TAMS 0x0000000087d00000, 0x0000000087d00000| Untracked 
|  58|0x0000000087e00000, 0x0000000087e00000, 0x0000000087f00000|  0%| F|  |TAMS 0x0000000087e00000, 0x0000000087e00000| Untracked 
|  59|0x0000000087f00000, 0x0000000087f00000, 0x0000000088000000|  0%| F|  |TAMS 0x0000000087f00000, 0x0000000087f00000| Untracked 
|  60|0x0000000088000000, 0x0000000088000000, 0x0000000088100000|  0%| F|  |TAMS 0x0000000088000000, 0x0000000088000000| Untracked 
|  61|0x0000000088100000, 0x0000000088100000, 0x0000000088200000|  0%| F|  |TAMS 0x0000000088100000, 0x0000000088100000| Untracked 
|  62|0x0000000088200000, 0x0000000088200000, 0x0000000088300000|  0%| F|  |TAMS 0x0000000088200000, 0x0000000088200000| Untracked 
|  63|0x0000000088300000, 0x0000000088300000, 0x0000000088400000|  0%| F|  |TAMS 0x0000000088300000, 0x0000000088300000| Untracked 
|  64|0x0000000088400000, 0x0000000088400000, 0x0000000088500000|  0%| F|  |TAMS 0x0000000088400000, 0x0000000088400000| Untracked 
|  65|0x0000000088500000, 0x0000000088500000, 0x0000000088600000|  0%| F|  |TAMS 0x0000000088500000, 0x0000000088500000| Untracked 
|  66|0x0000000088600000, 0x0000000088600000, 0x0000000088700000|  0%| F|  |TAMS 0x0000000088600000, 0x0000000088600000| Untracked 
|  67|0x0000000088700000, 0x0000000088700000, 0x0000000088800000|  0%| F|  |TAMS 0x0000000088700000, 0x0000000088700000| Untracked 
|  68|0x0000000088800000, 0x0000000088800000, 0x0000000088900000|  0%| F|  |TAMS 0x0000000088800000, 0x0000000088800000| Untracked 
|  69|0x0000000088900000, 0x0000000088900000, 0x0000000088a00000|  0%| F|  |TAMS 0x0000000088900000, 0x0000000088900000| Untracked 
|  70|0x0000000088a00000, 0x0000000088a00000, 0x0000000088b00000|  0%| F|  |TAMS 0x0000000088a00000, 0x0000000088a00000| Untracked 
|  71|0x0000000088b00000, 0x0000000088b00000, 0x0000000088c00000|  0%| F|  |TAMS 0x0000000088b00000, 0x0000000088b00000| Untracked 
|  72|0x0000000088c00000, 0x0000000088c00000, 0x0000000088d00000|  0%| F|  |TAMS 0x0000000088c00000, 0x0000000088c00000| Untracked 
|  73|0x0000000088d00000, 0x0000000088d00000, 0x0000000088e00000|  0%| F|  |TAMS 0x0000000088d00000, 0x0000000088d00000| Untracked 
|  74|0x0000000088e00000, 0x0000000088e00000, 0x0000000088f00000|  0%| F|  |TAMS 0x0000000088e00000, 0x0000000088e00000| Untracked 
|  75|0x0000000088f00000, 0x0000000088f00000, 0x0000000089000000|  0%| F|  |TAMS 0x0000000088f00000, 0x0000000088f00000| Untracked 
|  76|0x0000000089000000, 0x0000000089000000, 0x0000000089100000|  0%| F|  |TAMS 0x0000000089000000, 0x0000000089000000| Untracked 
|  77|0x0000000089100000, 0x0000000089100000, 0x0000000089200000|  0%| F|  |TAMS 0x0000000089100000, 0x0000000089100000| Untracked 
|  78|0x0000000089200000, 0x0000000089200000, 0x0000000089300000|  0%| F|  |TAMS 0x0000000089200000, 0x0000000089200000| Untracked 
|  79|0x0000000089300000, 0x0000000089300000, 0x0000000089400000|  0%| F|  |TAMS 0x0000000089300000, 0x0000000089300000| Untracked 
|  80|0x0000000089400000, 0x0000000089400000, 0x0000000089500000|  0%| F|  |TAMS 0x0000000089400000, 0x0000000089400000| Untracked 
|  81|0x0000000089500000, 0x0000000089500000, 0x0000000089600000|  0%| F|  |TAMS 0x0000000089500000, 0x0000000089500000| Untracked 
|  82|0x0000000089600000, 0x0000000089600000, 0x0000000089700000|  0%| F|  |TAMS 0x0000000089600000, 0x0000000089600000| Untracked 
|  83|0x0000000089700000, 0x0000000089700000, 0x0000000089800000|  0%| F|  |TAMS 0x0000000089700000, 0x0000000089700000| Untracked 
|  84|0x0000000089800000, 0x0000000089800000, 0x0000000089900000|  0%| F|  |TAMS 0x0000000089800000, 0x0000000089800000| Untracked 
|  85|0x0000000089900000, 0x0000000089900000, 0x0000000089a00000|  0%| F|  |TAMS 0x0000000089900000, 0x0000000089900000| Untracked 
|  86|0x0000000089a00000, 0x0000000089a00000, 0x0000000089b00000|  0%| F|  |TAMS 0x0000000089a00000, 0x0000000089a00000| Untracked 
|  87|0x0000000089b00000, 0x0000000089b00000, 0x0000000089c00000|  0%| F|  |TAMS 0x0000000089b00000, 0x0000000089b00000| Untracked 
|  88|0x0000000089c00000, 0x0000000089c00000, 0x0000000089d00000|  0%| F|  |TAMS 0x0000000089c00000, 0x0000000089c00000| Untracked 
|  89|0x0000000089d00000, 0x0000000089d00000, 0x0000000089e00000|  0%| F|  |TAMS 0x0000000089d00000, 0x0000000089d00000| Untracked 
|  90|0x0000000089e00000, 0x0000000089e00000, 0x0000000089f00000|  0%| F|  |TAMS 0x0000000089e00000, 0x0000000089e00000| Untracked 
|  91|0x0000000089f00000, 0x0000000089f00000, 0x000000008a000000|  0%| F|  |TAMS 0x0000000089f00000, 0x0000000089f00000| Untracked 
|  92|0x000000008a000000, 0x000000008a000000, 0x000000008a100000|  0%| F|  |TAMS 0x000000008a000000, 0x000000008a000000| Untracked 
|  93|0x000000008a100000, 0x000000008a100000, 0x000000008a200000|  0%| F|  |TAMS 0x000000008a100000, 0x000000008a100000| Untracked 
|  94|0x000000008a200000, 0x000000008a200000, 0x000000008a300000|  0%| F|  |TAMS 0x000000008a200000, 0x000000008a200000| Untracked 
|  95|0x000000008a300000, 0x000000008a300000, 0x000000008a400000|  0%| F|  |TAMS 0x000000008a300000, 0x000000008a300000| Untracked 
|  96|0x000000008a400000, 0x000000008a400000, 0x000000008a500000|  0%| F|  |TAMS 0x000000008a400000, 0x000000008a400000| Untracked 
|  97|0x000000008a500000, 0x000000008a500000, 0x000000008a600000|  0%| F|  |TAMS 0x000000008a500000, 0x000000008a500000| Untracked 
|  98|0x000000008a600000, 0x000000008a600000, 0x000000008a700000|  0%| F|  |TAMS 0x000000008a600000, 0x000000008a600000| Untracked 
|  99|0x000000008a700000, 0x000000008a700000, 0x000000008a800000|  0%| F|  |TAMS 0x000000008a700000, 0x000000008a700000| Untracked 
| 100|0x000000008a800000, 0x000000008a800000, 0x000000008a900000|  0%| F|  |TAMS 0x000000008a800000, 0x000000008a800000| Untracked 
| 101|0x000000008a900000, 0x000000008a900000, 0x000000008aa00000|  0%| F|  |TAMS 0x000000008a900000, 0x000000008a900000| Untracked 
| 102|0x000000008aa00000, 0x000000008aa00000, 0x000000008ab00000|  0%| F|  |TAMS 0x000000008aa00000, 0x000000008aa00000| Untracked 
| 103|0x000000008ab00000, 0x000000008ab00000, 0x000000008ac00000|  0%| F|  |TAMS 0x000000008ab00000, 0x000000008ab00000| Untracked 
| 104|0x000000008ac00000, 0x000000008ac00000, 0x000000008ad00000|  0%| F|  |TAMS 0x000000008ac00000, 0x000000008ac00000| Untracked 
| 105|0x000000008ad00000, 0x000000008ad00000, 0x000000008ae00000|  0%| F|  |TAMS 0x000000008ad00000, 0x000000008ad00000| Untracked 
| 106|0x000000008ae00000, 0x000000008ae00000, 0x000000008af00000|  0%| F|  |TAMS 0x000000008ae00000, 0x000000008ae00000| Untracked 
| 107|0x000000008af00000, 0x000000008af00000, 0x000000008b000000|  0%| F|  |TAMS 0x000000008af00000, 0x000000008af00000| Untracked 
| 108|0x000000008b000000, 0x000000008b000000, 0x000000008b100000|  0%| F|  |TAMS 0x000000008b000000, 0x000000008b000000| Untracked 
| 109|0x000000008b100000, 0x000000008b100000, 0x000000008b200000|  0%| F|  |TAMS 0x000000008b100000, 0x000000008b100000| Untracked 
| 110|0x000000008b200000, 0x000000008b200000, 0x000000008b300000|  0%| F|  |TAMS 0x000000008b200000, 0x000000008b200000| Untracked 
| 111|0x000000008b300000, 0x000000008b300000, 0x000000008b400000|  0%| F|  |TAMS 0x000000008b300000, 0x000000008b300000| Untracked 
| 112|0x000000008b400000, 0x000000008b400000, 0x000000008b500000|  0%| F|  |TAMS 0x000000008b400000, 0x000000008b400000| Untracked 
| 113|0x000000008b500000, 0x000000008b500000, 0x000000008b600000|  0%| F|  |TAMS 0x000000008b500000, 0x000000008b500000| Untracked 
| 114|0x000000008b600000, 0x000000008b600000, 0x000000008b700000|  0%| F|  |TAMS 0x000000008b600000, 0x000000008b600000| Untracked 
| 115|0x000000008b700000, 0x000000008b700000, 0x000000008b800000|  0%| F|  |TAMS 0x000000008b700000, 0x000000008b700000| Untracked 
| 116|0x000000008b800000, 0x000000008b800000, 0x000000008b900000|  0%| F|  |TAMS 0x000000008b800000, 0x000000008b800000| Untracked 
| 117|0x000000008b900000, 0x000000008b900000, 0x000000008ba00000|  0%| F|  |TAMS 0x000000008b900000, 0x000000008b900000| Untracked 
| 118|0x000000008ba00000, 0x000000008ba00000, 0x000000008bb00000|  0%| F|  |TAMS 0x000000008ba00000, 0x000000008ba00000| Untracked 
| 119|0x000000008bb00000, 0x000000008bb00000, 0x000000008bc00000|  0%| F|  |TAMS 0x000000008bb00000, 0x000000008bb00000| Untracked 
| 120|0x000000008bc00000, 0x000000008bc85e18, 0x000000008bd00000| 52%| E|  |TAMS 0x000000008bc00000, 0x000000008bc00000| Complete 
| 121|0x000000008bd00000, 0x000000008be00000, 0x000000008be00000|100%| E|CS|TAMS 0x000000008bd00000, 0x000000008bd00000| Complete 
| 122|0x000000008be00000, 0x000000008bf00000, 0x000000008bf00000|100%| E|CS|TAMS 0x000000008be00000, 0x000000008be00000| Complete 
| 123|0x000000008bf00000, 0x000000008c000000, 0x000000008c000000|100%| E|CS|TAMS 0x000000008bf00000, 0x000000008bf00000| Complete 

Card table byte_map: [0x000001b8da550000,0x000001b8da930000] _byte_map_base: 0x000001b8da12e000

Marking Bits (Prev, Next): (CMBitMap*) 0x000001b8c390aca0, (CMBitMap*) 0x000001b8c390ace0
 Prev Bits: [0x000001b8dad10000, 0x000001b8dcc00000)
 Next Bits: [0x000001b8dcc00000, 0x000001b8deaf0000)

Polling page: 0x000001b8c18a0000

Metaspace:

Usage:
  Non-class:      3.18 MB used.
      Class:    349.69 KB used.
       Both:      3.53 MB used.

Virtual space:
  Non-class space:       64.00 MB reserved,       3.25 MB (  5%) committed,  1 nodes.
      Class space:        1.00 GB reserved,     448.00 KB ( <1%) committed,  1 nodes.
             Both:        1.06 GB reserved,       3.69 MB ( <1%) committed. 

Chunk freelists:
   Non-Class:  11.92 MB
       Class:  15.58 MB
        Both:  27.50 MB

MaxMetaspaceSize: unlimited
CompressedClassSpaceSize: 1.00 GB
Initial GC threshold: 21.00 MB
Current GC threshold: 21.00 MB
CDS: on
MetaspaceReclaimPolicy: balanced
 - commit_granule_bytes: 65536.
 - commit_granule_words: 8192.
 - virtual_space_node_default_size: 8388608.
 - enlarge_chunks_in_place: 1.
 - new_chunks_are_fully_committed: 0.
 - uncommit_free_chunks: 1.
 - use_allocation_guard: 0.
 - handle_deallocations: 1.


Internal statistics:

num_allocs_failed_limit: 0.
num_arena_births: 74.
num_arena_deaths: 0.
num_vsnodes_births: 2.
num_vsnodes_deaths: 0.
num_space_committed: 59.
num_space_uncommitted: 0.
num_chunks_returned_to_freelist: 0.
num_chunks_taken_from_freelist: 94.
num_chunk_merges: 0.
num_chunk_splits: 56.
num_chunks_enlarged: 20.
num_inconsistent_stats: 0.

CodeHeap 'non-profiled nmethods': size=120000Kb used=127Kb max_used=127Kb free=119872Kb
 bounds [0x000001b8d2c40000, 0x000001b8d2eb0000, 0x000001b8da170000]
CodeHeap 'profiled nmethods': size=120000Kb used=559Kb max_used=559Kb free=119440Kb
 bounds [0x000001b8cb170000, 0x000001b8cb3e0000, 0x000001b8d26a0000]
CodeHeap 'non-nmethods': size=5760Kb used=1190Kb max_used=1200Kb free=4569Kb
 bounds [0x000001b8d26a0000, 0x000001b8d2910000, 0x000001b8d2c40000]
 total_blobs=895 nmethods=418 adapters=390
 compilation: enabled
              stopped_count=0, restarted_count=0
 full_count=0

Compilation events (20 events):
Event: 0.143 Thread 0x000001b8e0fa0f50  408       3       java.lang.StringLatin1::getChar (9 bytes)
Event: 0.143 Thread 0x000001b8e0fa0f50 nmethod 408 0x000001b8cb1f8a10 code [0x000001b8cb1f8ba0, 0x000001b8cb1f8cb8]
Event: 0.143 Thread 0x000001b8e0fa0f50  411       3       java.lang.String::compareTo (63 bytes)
Event: 0.143 Thread 0x000001b8e0fa0f50 nmethod 411 0x000001b8cb1f8d90 code [0x000001b8cb1f8fa0, 0x000001b8cb1f9438]
Event: 0.143 Thread 0x000001b8e0fa0f50  412       3       java.lang.StringLatin1::compareTo (14 bytes)
Event: 0.143 Thread 0x000001b8e0fa0f50 nmethod 412 0x000001b8cb1f9610 code [0x000001b8cb1f97c0, 0x000001b8cb1f98e8]
Event: 0.143 Thread 0x000001b8e0fa0f50  409       3       java.lang.String::compareTo (9 bytes)
Event: 0.143 Thread 0x000001b8e0fa0f50 nmethod 409 0x000001b8cb1f9a10 code [0x000001b8cb1f9bc0, 0x000001b8cb1f9de8]
Event: 0.144 Thread 0x000001b8e0fa0f50  413       1       java.util.concurrent.atomic.AtomicInteger::get (5 bytes)
Event: 0.144 Thread 0x000001b8e0fa0f50 nmethod 413 0x000001b8d2c5fc90 code [0x000001b8d2c5fe20, 0x000001b8d2c5fef8]
Event: 0.144 Thread 0x000001b8e0fa0f50  414       3       java.util.IdentityHashMap$IdentityHashMapIterator::hasNext (50 bytes)
Event: 0.144 Thread 0x000001b8e0fa0f50 nmethod 414 0x000001b8cb1f9e90 code [0x000001b8cb1fa040, 0x000001b8cb1fa298]
Event: 0.146 Thread 0x000001b8e0fa0f50  415       3       jdk.internal.org.objectweb.asm.ClassReader::readUnsignedShort (26 bytes)
Event: 0.146 Thread 0x000001b8e0fa0f50 nmethod 415 0x000001b8cb1fa390 code [0x000001b8cb1fa520, 0x000001b8cb1fa698]
Event: 0.146 Thread 0x000001b8e0fa0f50  416       3       java.lang.invoke.MethodHandles$Lookup::lookupClassOrNull (17 bytes)
Event: 0.146 Thread 0x000001b8e0fa0f50 nmethod 416 0x000001b8cb1fa790 code [0x000001b8cb1fa920, 0x000001b8cb1faab8]
Event: 0.146 Thread 0x000001b8e0fa0f50  417       3       sun.awt.AppContext::getAppContext (51 bytes)
Event: 0.146 Thread 0x000001b8e0fa0f50 nmethod 417 0x000001b8cb1fab90 code [0x000001b8cb1fadc0, 0x000001b8cb1fb508]
Event: 0.149 Thread 0x000001b8e0fa0f50  418       3       jdk.internal.org.objectweb.asm.ByteVector::putByteArray (49 bytes)
Event: 0.149 Thread 0x000001b8e0fa0f50 nmethod 418 0x000001b8cb1fb790 code [0x000001b8cb1fb940, 0x000001b8cb1fbc18]

GC Heap History (0 events):
No events

Deoptimization events (4 events):
Event: 0.072 Thread 0x000001b8c38b1050 Uncommon trap: trap_request=0xffffff45 fr.pc=0x000001b8d2c4ea38 relative=0x00000000000008d8
Event: 0.072 Thread 0x000001b8c38b1050 Uncommon trap: reason=unstable_if action=reinterpret pc=0x000001b8d2c4ea38 method=java.util.HashMap.putVal(ILjava/lang/Object;Ljava/lang/Object;ZZ)Ljava/lang/Object; @ 81 c2
Event: 0.072 Thread 0x000001b8c38b1050 DEOPT PACKING pc=0x000001b8d2c4ea38 sp=0x0000001d0c4fe460
Event: 0.072 Thread 0x000001b8c38b1050 DEOPT UNPACKING pc=0x000001b8d26f5ba3 sp=0x0000001d0c4fe400 mode 2

Classes unloaded (0 events):
No events

Classes redefined (0 events):
No events

Internal exceptions (9 events):
Event: 0.052 Thread 0x000001b8c38b1050 Exception <a 'sun/nio/fs/WindowsException'{0x000000008be30ae0}> (0x000000008be30ae0) 
thrown [s\open\src\hotspot\share\prims\jni.cpp, line 516]
Event: 0.052 Thread 0x000001b8c38b1050 Exception <a 'sun/nio/fs/WindowsException'{0x000000008be30fc0}> (0x000000008be30fc0) 
thrown [s\open\src\hotspot\share\prims\jni.cpp, line 516]
Event: 0.054 Thread 0x000001b8c38b1050 Exception <a 'sun/nio/fs/WindowsException'{0x000000008be330b8}> (0x000000008be330b8) 
thrown [s\open\src\hotspot\share\prims\jni.cpp, line 516]
Event: 0.054 Thread 0x000001b8c38b1050 Exception <a 'sun/nio/fs/WindowsException'{0x000000008be33a90}> (0x000000008be33a90) 
thrown [s\open\src\hotspot\share\prims\jni.cpp, line 516]
Event: 0.082 Thread 0x000001b8c38b1050 Exception <a 'java/lang/ClassNotFoundException'{0x000000008bd047a8}: sun/awt/resources/spi/awtProvider> (0x000000008bd047a8) 
thrown [s\open\src\hotspot\share\classfile\systemDictionary.cpp, line 256]
Event: 0.097 Thread 0x000001b8c38b1050 Exception <a 'java/io/FileNotFoundException'{0x000000008bd56ee0}> (0x000000008bd56ee0) 
thrown [s\open\src\hotspot\share\prims\jni.cpp, line 516]
Event: 0.101 Thread 0x000001b8c38b1050 Exception <a 'java/io/FileNotFoundException'{0x000000008bd83e40}> (0x000000008bd83e40) 
thrown [s\open\src\hotspot\share\prims\jni.cpp, line 516]
Event: 0.123 Thread 0x000001b8c38b1050 Exception <a 'java/lang/NoSuchMethodError'{0x000000008bdc7fe0}: 'java.lang.Object java.lang.invoke.DirectMethodHandle$Holder.invokeStaticInit(java.lang.Object)'> (0x000000008bdc7fe0) 
thrown [s\open\src\hotspot\share\interpreter\linkResolver.cpp, line 759]
Event: 0.145 Thread 0x000001b8c38b1050 Exception <a 'java/lang/NoSuchMethodError'{0x000000008bc58050}: 'void java.lang.invoke.DirectMethodHandle$Holder.invokeSpecial(java.lang.Object, java.lang.Object, java.lang.Object)'> (0x000000008bc58050) 
thrown [s\open\src\hotspot\share\interpreter\linkResolver.cpp, line 759]

VM Operations (2 events):
Event: 0.054 Executing VM operation: HandshakeAllThreads
Event: 0.054 Executing VM operation: HandshakeAllThreads done

Events (20 events):
Event: 0.148 loading class sun/swing/DefaultLookup
Event: 0.148 loading class sun/swing/DefaultLookup done
Event: 0.148 loading class javax/swing/plaf/metal/OceanTheme
Event: 0.148 loading class javax/swing/plaf/metal/DefaultMetalTheme
Event: 0.148 loading class javax/swing/plaf/metal/MetalTheme
Event: 0.148 loading class javax/swing/plaf/metal/MetalTheme done
Event: 0.148 loading class javax/swing/plaf/metal/DefaultMetalTheme done
Event: 0.148 loading class javax/swing/plaf/metal/OceanTheme done
Event: 0.148 loading class javax/swing/plaf/ColorUIResource
Event: 0.148 loading class javax/swing/plaf/UIResource
Event: 0.148 loading class javax/swing/plaf/UIResource done
Event: 0.148 loading class javax/swing/plaf/ColorUIResource done
Event: 0.148 loading class sun/swing/PrintColorUIResource
Event: 0.148 loading class sun/swing/PrintColorUIResource done
Event: 0.148 loading class javax/swing/plaf/metal/DefaultMetalTheme$FontDelegate
Event: 0.148 loading class javax/swing/plaf/metal/DefaultMetalTheme$FontDelegate done
Event: 0.148 loading class javax/swing/plaf/FontUIResource
Event: 0.148 loading class javax/swing/plaf/FontUIResource done
Event: 0.148 loading class javax/swing/UIDefaults$LazyValue
Event: 0.148 loading class javax/swing/UIDefaults$LazyValue done


Dynamic libraries:
0x00007ff657540000 - 0x00007ff657550000 	C:\Program Files\Java\jdk-17\bin\java.exe
0x00007ffb4bfd0000 - 0x00007ffb4c1c8000 	C:\Windows\SYSTEM32\ntdll.dll
0x00007ffb4ade0000 - 0x00007ffb4ae9d000 	C:\Windows\System32\KERNEL32.DLL
0x00007ffb49740000 - 0x00007ffb49a36000 	C:\Windows\System32\KERNELBASE.dll
0x00007ffb49e20000 - 0x00007ffb49f20000 	C:\Windows\System32\ucrtbase.dll
0x00007ffb45f60000 - 0x00007ffb45f7b000 	C:\Program Files\Java\jdk-17\bin\VCRUNTIME140.dll
0x00007ffb43d50000 - 0x00007ffb43d69000 	C:\Program Files\Java\jdk-17\bin\jli.dll
0x00007ffb4ac50000 - 0x00007ffb4ad00000 	C:\Windows\System32\ADVAPI32.dll
0x00007ffb4a690000 - 0x00007ffb4a72e000 	C:\Windows\System32\msvcrt.dll
0x00007ffb4b3c0000 - 0x00007ffb4b460000 	C:\Windows\System32\sechost.dll
0x00007ffb4b050000 - 0x00007ffb4b173000 	C:\Windows\System32\RPCRT4.dll
0x00007ffb49ab0000 - 0x00007ffb49ad7000 	C:\Windows\System32\bcrypt.dll
0x00007ffb4a750000 - 0x00007ffb4a8ef000 	C:\Windows\System32\USER32.dll
0x00007ffb49df0000 - 0x00007ffb49e12000 	C:\Windows\System32\win32u.dll
0x00007ffb19bb0000 - 0x00007ffb19e4a000 	C:\Windows\WinSxS\amd64_microsoft.windows.common-controls_6595b64144ccf1df_6.0.19041.4355_none_60b8b9eb71f62e16\COMCTL32.dll
0x00007ffb4bf60000 - 0x00007ffb4bf8b000 	C:\Windows\System32\GDI32.dll
0x00007ffb49c40000 - 0x00007ffb49d57000 	C:\Windows\System32\gdi32full.dll
0x00007ffb49f70000 - 0x00007ffb4a00d000 	C:\Windows\System32\msvcp_win.dll
0x00007ffb41cd0000 - 0x00007ffb41cda000 	C:\Windows\SYSTEM32\VERSION.dll
0x00007ffb4b2b0000 - 0x00007ffb4b2df000 	C:\Windows\System32\IMM32.DLL
0x00007ffb442b0000 - 0x00007ffb442bc000 	C:\Program Files\Java\jdk-17\bin\vcruntime140_1.dll
0x00007ffb23590000 - 0x00007ffb2361e000 	C:\Program Files\Java\jdk-17\bin\msvcp140.dll
0x00007ffb0fb00000 - 0x00007ffb106df000 	C:\Program Files\Java\jdk-17\bin\server\jvm.dll
0x00007ffb4ad00000 - 0x00007ffb4ad08000 	C:\Windows\System32\PSAPI.DLL
0x00007ffb3d790000 - 0x00007ffb3d7b7000 	C:\Windows\SYSTEM32\WINMM.dll
0x00007ffb442e0000 - 0x00007ffb442e9000 	C:\Windows\SYSTEM32\WSOCK32.dll
0x00007ffb4ad70000 - 0x00007ffb4addb000 	C:\Windows\System32\WS2_32.dll
0x00007ffb47ea0000 - 0x00007ffb47eb2000 	C:\Windows\SYSTEM32\kernel.appcore.dll
0x00007ffb442a0000 - 0x00007ffb442aa000 	C:\Program Files\Java\jdk-17\bin\jimage.dll
0x00007ffb47260000 - 0x00007ffb47444000 	C:\Windows\SYSTEM32\DBGHELP.DLL
0x00007ffb396e0000 - 0x00007ffb39714000 	C:\Windows\SYSTEM32\dbgcore.DLL
0x00007ffb49d60000 - 0x00007ffb49de2000 	C:\Windows\System32\bcryptPrimitives.dll
0x00007ffb43e20000 - 0x00007ffb43e45000 	C:\Program Files\Java\jdk-17\bin\java.dll
0x00007ffb233c0000 - 0x00007ffb23497000 	C:\Program Files\Java\jdk-17\bin\jsvml.dll
0x00007ffb4b790000 - 0x00007ffb4befc000 	C:\Windows\System32\SHELL32.dll
0x00007ffb476f0000 - 0x00007ffb47e8d000 	C:\Windows\SYSTEM32\windows.storage.dll
0x00007ffb4a8f0000 - 0x00007ffb4ac43000 	C:\Windows\System32\combase.dll
0x00007ffb48fe0000 - 0x00007ffb4900e000 	C:\Windows\SYSTEM32\Wldp.dll
0x00007ffb4b2e0000 - 0x00007ffb4b3ad000 	C:\Windows\System32\OLEAUT32.dll
0x00007ffb4b470000 - 0x00007ffb4b51d000 	C:\Windows\System32\SHCORE.dll
0x00007ffb4ad10000 - 0x00007ffb4ad65000 	C:\Windows\System32\shlwapi.dll
0x00007ffb495c0000 - 0x00007ffb495e4000 	C:\Windows\SYSTEM32\profapi.dll
0x00007ffb43860000 - 0x00007ffb43879000 	C:\Program Files\Java\jdk-17\bin\net.dll
0x00007ffb46260000 - 0x00007ffb4636a000 	C:\Windows\SYSTEM32\WINHTTP.dll
0x00007ffb48d40000 - 0x00007ffb48daa000 	C:\Windows\system32\mswsock.dll
0x00007ffb43620000 - 0x00007ffb43636000 	C:\Program Files\Java\jdk-17\bin\nio.dll
0x00007ffb41150000 - 0x00007ffb41168000 	C:\Program Files\Java\jdk-17\bin\zip.dll
0x00007ffb20650000 - 0x00007ffb207e1000 	C:\Program Files\Java\jdk-17\bin\awt.dll
0x00007ffb460a0000 - 0x00007ffb46130000 	C:\Windows\SYSTEM32\apphelp.dll
0x00007ffb46e40000 - 0x00007ffb46e6f000 	C:\Windows\system32\DWMAPI.DLL
0x00007ffb46c00000 - 0x00007ffb46c9e000 	C:\Windows\system32\uxtheme.dll
0x00007ffb242e0000 - 0x00007ffb24405000 	C:\Windows\system32\opengl32.dll
0x00007ffb329d0000 - 0x00007ffb329fc000 	C:\Windows\SYSTEM32\GLU32.dll
0x00007ffb4b580000 - 0x00007ffb4b694000 	C:\Windows\System32\MSCTF.dll
0x00007ffb4b180000 - 0x00007ffb4b2ab000 	C:\Windows\System32\ole32.dll

dbghelp: loaded successfully - version: 4.0.5 - missing functions: none
symbol engine: initialized successfully - sym options: 0x614 - pdb path: .;C:\Program Files\Java\jdk-17\bin;C:\Windows\SYSTEM32;C:\Windows\WinSxS\amd64_microsoft.windows.common-controls_6595b64144ccf1df_6.0.19041.4355_none_60b8b9eb71f62e16;C:\Program Files\Java\jdk-17\bin\server

VM Arguments:
jvm_args: -Dfile.encoding=UTF-8 --module-path=E:\java_projects\bank management system\build\classes 
java_command: bank.management.system.Login
java_class_path (initial): C:\Users\dell\Downloads\jcalendar-tz-1.3.3-4.jar;C:\Users\dell\Downloads\mysql-connector-java-8.0.28.jar;E:\java_projects\bank management system\build\classes
Launcher Type: SUN_STANDARD

[Global flags]
     intx CICompilerCount                          = 3                                         {product} {ergonomic}
     uint ConcGCThreads                            = 1                                         {product} {ergonomic}
     uint G1ConcRefinementThreads                  = 4                                         {product} {ergonomic}
   size_t G1HeapRegionSize                         = 1048576                                   {product} {ergonomic}
    uintx GCDrainStackTargetSize                   = 64                                        {product} {ergonomic}
   size_t InitialHeapSize                          = 130023424                                 {product} {ergonomic}
   size_t MarkStackSize                            = 4194304                                   {product} {ergonomic}
   size_t MaxHeapSize                              = 2076180480                                {product} {ergonomic}
   size_t MaxNewSize                               = 1245708288                                {product} {ergonomic}
   size_t MinHeapDeltaBytes                        = 1048576                                   {product} {ergonomic}
   size_t MinHeapSize                              = 8388608                                   {product} {ergonomic}
    uintx NonNMethodCodeHeapSize                   = 5832780                                {pd product} {ergonomic}
    uintx NonProfiledCodeHeapSize                  = 122912730                              {pd product} {ergonomic}
    uintx ProfiledCodeHeapSize                     = 122912730                              {pd product} {ergonomic}
    uintx ReservedCodeCacheSize                    = 251658240                              {pd product} {ergonomic}
     bool SegmentedCodeCache                       = true                                      {product} {ergonomic}
   size_t SoftMaxHeapSize                          = 2076180480                             {manageable} {ergonomic}
     bool UseCompressedClassPointers               = true                           {product lp64_product} {ergonomic}
     bool UseCompressedOops                        = true                           {product lp64_product} {ergonomic}
     bool UseG1GC                                  = true                                      {product} {ergonomic}
     bool UseLargePagesIndividualAllocation        = false                                  {pd product} {ergonomic}

Logging:
Log output configuration:
 #0: stdout all=warning uptime,level,tags
 #1: stderr all=off uptime,level,tags

Environment Variables:
PATH=C:\Program Files\Common Files\Oracle\Java\javapath;C:\Python312\Scripts\;C:\Python312\;D:\oracle_19c\bin;C:\Windows\system32;C:\Windows;C:\Windows\System32\Wbem;C:\Windows\System32\WindowsPowerShell\v1.0\;C:\Windows\System32\OpenSSH\;C:\Program Files\Git\cmd;C:\Program Files\nodejs\;C:\ProgramData\chocolatey\bin;C:\Program Files\Java\jdk-17\bin;C:\Program Files\MySQL\MySQL Shell 8.0\bin\;C:\Users\dell\AppData\Local\Programs\Python\Python310\Scripts\;C:\Users\dell\AppData\Local\Programs\Python\Python310\;C:\Users\dell\AppData\Local\Microsoft\WindowsApps;C:\Users\dell\AppData\Local\Programs\Microsoft VS Code\bin;C:\flutter\flutter\bin;C:\Users\dell\AppData\Local\Programs\MiKTeX\miktex\bin\x64\;C:\intelFPGA_lite\19.1\modelsim_ase\win32aloem;C:\intelFPGA_lite\19.1\modelsim_ae\win32aloem;C:\Users\dell\AppData\Roaming\npm
USERNAME=dell
OS=Windows_NT
PROCESSOR_IDENTIFIER=Intel64 Family 6 Model 140 Stepping 1, GenuineIntel



---------------  S Y S T E M  ---------------

OS:
 Windows 10 , 64 bit Build 19041 (10.0.19041.3636)
OS uptime: 13 days 2:51 hours

CPU: total 4 (initial active 4) (2 cores per cpu, 2 threads per core) family 6 model 140 stepping 1 microcode 0xb4, cx8, cmov, fxsr, ht, mmx, 3dnowpref, sse, sse2, sse3, ssse3, sse4.1, sse4.2, popcnt, lzcnt, tsc, tscinvbit, avx, avx2, aes, erms, clmul, bmi1, bmi2, adx, avx512f, avx512dq, avx512cd, avx512bw, avx512vl, sha, fma, vzeroupper, avx512_vpopcntdq, avx512_vpclmulqdq, avx512_vaes, avx512_vnni, clflush, clflushopt, clwb, avx512_vbmi2, avx512_vbmi

Memory: 4k page, system-wide physical 7914M (1071M free)
TotalPageFile size 21874M (AvailPageFile size 4M)
current process WorkingSet (physical memory assigned to process): 45M, peak: 45M
current process commit charge ("private bytes"): 204M, peak: 204M

vm_info: Java HotSpot(TM) 64-Bit Server VM (17.0.10+11-LTS-240) for windows-amd64 JRE (17.0.10+11-LTS-240), built on Dec 19 2023 21:47:25 by "mach5one" with MS VC++ 17.1 (VS2022)

END.
