#
# There is insufficient memory for the Java Runtime Environment to continue.
# Native memory allocation (mmap) failed to map 130023424 bytes for G1 virtual space
# Possible reasons:
#   The system is out of physical RAM or swap space
#   The process is running with CompressedOops enabled, and the Java Heap may be blocking the growth of the native heap
# Possible solutions:
#   Reduce memory load on the system
#   Increase physical memory or swap space
#   Check if swap backing store is full
#   Decrease Java heap size (-Xmx/-Xms)
#   Decrease number of Java threads
#   Decrease Java thread stack sizes (-Xss)
#   Set larger code cache with -XX:ReservedCodeCacheSize=
#   JVM is running with Unscaled Compressed Oops mode in which the Java heap is
#     placed in the first 4GB address space. The Java Heap base address is the
#     maximum limit for the native heap growth. Please use -XX:HeapBaseMinAddress
#     to set the Java Heap base and to place the Java Heap above 4GB virtual address.
# This output file may be truncated or incomplete.
#
#  Out of Memory Error (os_windows.cpp:3548), pid=18004, tid=10228
#
# JRE version:  (17.0.10+11) (build )
# Java VM: Java HotSpot(TM) 64-Bit Server VM (17.0.10+11-LTS-240, mixed mode, sharing, tiered, compressed oops, compressed class ptrs, g1 gc, windows-amd64)
# No core dump will be written. Minidumps are not enabled by default on client versions of Windows
#

---------------  S U M M A R Y ------------

Command Line: -Dfile.encoding=UTF-8 --module-path=E:\java_projects\bank management system\build\classes bank.management.system.Deposit

Host: 11th Gen Intel(R) Core(TM) i3-1115G4 @ 3.00GHz, 4 cores, 7G,  Windows 10 , 64 bit Build 19041 (10.0.19041.3636)
Time: Thu Jul 18 14:54:47 2024 India Standard Time elapsed time: 0.010366 seconds (0d 0h 0m 0s)

---------------  T H R E A D  ---------------

Current thread (0x0000027b45b94000):  JavaThread "Unknown thread" [_thread_in_vm, id=10228, stack(0x000000e35bc00000,0x000000e35bd00000)]

Stack: [0x000000e35bc00000,0x000000e35bd00000]
Native frames: (J=compiled Java code, j=interpreted, Vv=VM code, C=native code)
V  [jvm.dll+0x677a5a]
V  [jvm.dll+0x7d8b2d]
V  [jvm.dll+0x7da48e]
V  [jvm.dll+0x7daaf3]
V  [jvm.dll+0x2455ff]
V  [jvm.dll+0x6749b9]
V  [jvm.dll+0x669382]
V  [jvm.dll+0x302e96]
V  [jvm.dll+0x30a416]
V  [jvm.dll+0x359cbe]
V  [jvm.dll+0x359eef]
V  [jvm.dll+0x2d9e88]
V  [jvm.dll+0x2dadf4]
V  [jvm.dll+0x7aa551]
V  [jvm.dll+0x367911]
V  [jvm.dll+0x789639]
V  [jvm.dll+0x3eb30f]
V  [jvm.dll+0x3ecd91]
C  [jli.dll+0x5297]
C  [ucrtbase.dll+0x21bb2]
C  [KERNEL32.DLL+0x17344]
C  [ntdll.dll+0x4cc91]


---------------  P R O C E S S  ---------------

Threads class SMR info:
_java_thread_list=0x00007ffb105b6a18, length=0, elements={
}

Java Threads: ( => current thread )

Other Threads:
  0x0000027b45bec4b0 GCTaskThread "GC Thread#0" [stack: 0x000000e35bd00000,0x000000e35be00000] [id=17900]
  0x0000027b45bfca90 ConcurrentGCThread "G1 Main Marker" [stack: 0x000000e35be00000,0x000000e35bf00000] [id=19976]
  0x0000027b45bfdb50 ConcurrentGCThread "G1 Conc#0" [stack: 0x000000e35bf00000,0x000000e35c000000] [id=6808]

[error occurred during error reporting (printing all threads), id 0xc0000005, EXCEPTION_ACCESS_VIOLATION (0xc0000005) at pc=0x00007ffb0fdeaae7]

VM state: not at safepoint (not fully initialized)

VM Mutex/Monitor currently owned by a thread:  ([mutex/lock_event])
[0x0000027b45b8e560] Heap_lock - owner thread: 0x0000027b45b94000

Heap address: 0x0000000084400000, size: 1980 MB, Compressed Oops mode: 32-bit

CDS archive(s) mapped at: [0x0000000000000000-0x0000000000000000-0x0000000000000000), size 0, SharedBaseAddress: 0x0000000800000000, ArchiveRelocationMode: 1.
Narrow klass base: 0x0000000000000000, Narrow klass shift: 0, Narrow klass range: 0x0

GC Precious Log:
<Empty>

Heap:
 garbage-first heap   total 0K, used 0K [0x0000000084400000, 0x0000000100000000)
  region size 1024K, 0 young (0K), 0 survivors (0K)

[error occurred during error reporting (printing heap information), id 0xc0000005, EXCEPTION_ACCESS_VIOLATION (0xc0000005) at pc=0x00007ffb101d1249]

GC Heap History (0 events):
No events

Deoptimization events (0 events):
No events

Classes unloaded (0 events):
No events

Classes redefined (0 events):
No events

Internal exceptions (0 events):
No events

VM Operations (0 events):
No events

Events (1 events):
Event: 0.006 Loaded shared library C:\Program Files\Java\jdk-17\bin\java.dll


Dynamic libraries:
0x00007ff657540000 - 0x00007ff657550000 	C:\Program Files\Java\jdk-17\bin\java.exe
0x00007ffb4bfd0000 - 0x00007ffb4c1c8000 	C:\Windows\SYSTEM32\ntdll.dll
0x00007ffb4ade0000 - 0x00007ffb4ae9d000 	C:\Windows\System32\KERNEL32.DLL
0x00007ffb49740000 - 0x00007ffb49a36000 	C:\Windows\System32\KERNELBASE.dll
0x00007ffb49e20000 - 0x00007ffb49f20000 	C:\Windows\System32\ucrtbase.dll
0x00007ffb45f60000 - 0x00007ffb45f7b000 	C:\Program Files\Java\jdk-17\bin\VCRUNTIME140.dll
0x00007ffb43d50000 - 0x00007ffb43d69000 	C:\Program Files\Java\jdk-17\bin\jli.dll
0x00007ffb4ac50000 - 0x00007ffb4ad00000 	C:\Windows\System32\ADVAPI32.dll
0x00007ffb4a690000 - 0x00007ffb4a72e000 	C:\Windows\System32\msvcrt.dll
0x00007ffb4b3c0000 - 0x00007ffb4b460000 	C:\Windows\System32\sechost.dll
0x00007ffb4b050000 - 0x00007ffb4b173000 	C:\Windows\System32\RPCRT4.dll
0x00007ffb49ab0000 - 0x00007ffb49ad7000 	C:\Windows\System32\bcrypt.dll
0x00007ffb4a750000 - 0x00007ffb4a8ef000 	C:\Windows\System32\USER32.dll
0x00007ffb49df0000 - 0x00007ffb49e12000 	C:\Windows\System32\win32u.dll
0x00007ffb4bf60000 - 0x00007ffb4bf8b000 	C:\Windows\System32\GDI32.dll
0x00007ffb19bb0000 - 0x00007ffb19e4a000 	C:\Windows\WinSxS\amd64_microsoft.windows.common-controls_6595b64144ccf1df_6.0.19041.4355_none_60b8b9eb71f62e16\COMCTL32.dll
0x00007ffb49c40000 - 0x00007ffb49d57000 	C:\Windows\System32\gdi32full.dll
0x00007ffb49f70000 - 0x00007ffb4a00d000 	C:\Windows\System32\msvcp_win.dll
0x00007ffb41cd0000 - 0x00007ffb41cda000 	C:\Windows\SYSTEM32\VERSION.dll
0x00007ffb4b2b0000 - 0x00007ffb4b2df000 	C:\Windows\System32\IMM32.DLL
0x00007ffb442b0000 - 0x00007ffb442bc000 	C:\Program Files\Java\jdk-17\bin\vcruntime140_1.dll
0x00007ffb23590000 - 0x00007ffb2361e000 	C:\Program Files\Java\jdk-17\bin\msvcp140.dll
0x00007ffb0fb00000 - 0x00007ffb106df000 	C:\Program Files\Java\jdk-17\bin\server\jvm.dll
0x00007ffb4ad00000 - 0x00007ffb4ad08000 	C:\Windows\System32\PSAPI.DLL
0x00007ffb3d790000 - 0x00007ffb3d7b7000 	C:\Windows\SYSTEM32\WINMM.dll
0x00007ffb442e0000 - 0x00007ffb442e9000 	C:\Windows\SYSTEM32\WSOCK32.dll
0x00007ffb4ad70000 - 0x00007ffb4addb000 	C:\Windows\System32\ws2_32.DLL
0x00007ffb47ea0000 - 0x00007ffb47eb2000 	C:\Windows\SYSTEM32\kernel.appcore.dll
0x00007ffb442a0000 - 0x00007ffb442aa000 	C:\Program Files\Java\jdk-17\bin\jimage.dll
0x00007ffb47260000 - 0x00007ffb47444000 	C:\Windows\SYSTEM32\DBGHELP.DLL
0x00007ffb396e0000 - 0x00007ffb39714000 	C:\Windows\SYSTEM32\dbgcore.DLL
0x00007ffb49d60000 - 0x00007ffb49de2000 	C:\Windows\System32\bcryptPrimitives.dll
0x00007ffb43e20000 - 0x00007ffb43e45000 	C:\Program Files\Java\jdk-17\bin\java.dll

dbghelp: loaded successfully - version: 4.0.5 - missing functions: none
symbol engine: initialized successfully - sym options: 0x614 - pdb path: .;C:\Program Files\Java\jdk-17\bin;C:\Windows\SYSTEM32;C:\Windows\WinSxS\amd64_microsoft.windows.common-controls_6595b64144ccf1df_6.0.19041.4355_none_60b8b9eb71f62e16;C:\Program Files\Java\jdk-17\bin\server

VM Arguments:
jvm_args: -Dfile.encoding=UTF-8 --module-path=E:\java_projects\bank management system\build\classes 
java_command: bank.management.system.Deposit
java_class_path (initial): C:\Users\dell\Downloads\jcalendar-tz-1.3.3-4.jar;C:\Users\dell\Downloads\mysql-connector-java-8.0.28.jar;E:\java_projects\bank management system\build\classes
Launcher Type: SUN_STANDARD

[Global flags]
     intx CICompilerCount                          = 3                                         {product} {ergonomic}
     uint ConcGCThreads                            = 1                                         {product} {ergonomic}
     uint G1ConcRefinementThreads                  = 4                                         {product} {ergonomic}
   size_t G1HeapRegionSize                         = 1048576                                   {product} {ergonomic}
    uintx GCDrainStackTargetSize                   = 64                                        {product} {ergonomic}
   size_t InitialHeapSize                          = 130023424                                 {product} {ergonomic}
   size_t MarkStackSize                            = 4194304                                   {product} {ergonomic}
   size_t MaxHeapSize                              = 2076180480                                {product} {ergonomic}
   size_t MinHeapDeltaBytes                        = 1048576                                   {product} {ergonomic}
   size_t MinHeapSize                              = 8388608                                   {product} {ergonomic}
    uintx NonNMethodCodeHeapSize                   = 5832780                                {pd product} {ergonomic}
    uintx NonProfiledCodeHeapSize                  = 122912730                              {pd product} {ergonomic}
    uintx ProfiledCodeHeapSize                     = 122912730                              {pd product} {ergonomic}
    uintx ReservedCodeCacheSize                    = 251658240                              {pd product} {ergonomic}
     bool SegmentedCodeCache                       = true                                      {product} {ergonomic}
   size_t SoftMaxHeapSize                          = 2076180480                             {manageable} {ergonomic}
     bool UseCompressedClassPointers               = true                           {product lp64_product} {ergonomic}
     bool UseCompressedOops                        = true                           {product lp64_product} {ergonomic}
     bool UseG1GC                                  = true                                      {product} {ergonomic}
     bool UseLargePagesIndividualAllocation        = false                                  {pd product} {ergonomic}

Logging:
Log output configuration:
 #0: stdout all=warning uptime,level,tags
 #1: stderr all=off uptime,level,tags

Environment Variables:
PATH=C:\Program Files\Common Files\Oracle\Java\javapath;C:\Python312\Scripts\;C:\Python312\;D:\oracle_19c\bin;C:\Windows\system32;C:\Windows;C:\Windows\System32\Wbem;C:\Windows\System32\WindowsPowerShell\v1.0\;C:\Windows\System32\OpenSSH\;C:\Program Files\Git\cmd;C:\Program Files\nodejs\;C:\ProgramData\chocolatey\bin;C:\Program Files\Java\jdk-17\bin;C:\Program Files\MySQL\MySQL Shell 8.0\bin\;C:\Users\dell\AppData\Local\Programs\Python\Python310\Scripts\;C:\Users\dell\AppData\Local\Programs\Python\Python310\;C:\Users\dell\AppData\Local\Microsoft\WindowsApps;C:\Users\dell\AppData\Local\Programs\Microsoft VS Code\bin;C:\flutter\flutter\bin;C:\Users\dell\AppData\Local\Programs\MiKTeX\miktex\bin\x64\;C:\intelFPGA_lite\19.1\modelsim_ase\win32aloem;C:\intelFPGA_lite\19.1\modelsim_ae\win32aloem;C:\Users\dell\AppData\Roaming\npm
USERNAME=dell
OS=Windows_NT
PROCESSOR_IDENTIFIER=Intel64 Family 6 Model 140 Stepping 1, GenuineIntel



---------------  S Y S T E M  ---------------

OS:
 Windows 10 , 64 bit Build 19041 (10.0.19041.3636)
OS uptime: 13 days 3:07 hours

CPU: total 4 (initial active 4) (2 cores per cpu, 2 threads per core) family 6 model 140 stepping 1 microcode 0xb4, cx8, cmov, fxsr, ht, mmx, 3dnowpref, sse, sse2, sse3, ssse3, sse4.1, sse4.2, popcnt, lzcnt, tsc, tscinvbit, avx, avx2, aes, erms, clmul, bmi1, bmi2, adx, avx512f, avx512dq, avx512cd, avx512bw, avx512vl, sha, fma, vzeroupper, avx512_vpopcntdq, avx512_vpclmulqdq, avx512_vaes, avx512_vnni, clflush, clflushopt, clwb, avx512_vbmi2, avx512_vbmi

Memory: 4k page, system-wide physical 7914M (1312M free)
TotalPageFile size 22030M (AvailPageFile size 121M)
current process WorkingSet (physical memory assigned to process): 10M, peak: 10M
current process commit charge ("private bytes"): 51M, peak: 175M

vm_info: Java HotSpot(TM) 64-Bit Server VM (17.0.10+11-LTS-240) for windows-amd64 JRE (17.0.10+11-LTS-240), built on Dec 19 2023 21:47:25 by "mach5one" with MS VC++ 17.1 (VS2022)

END.
